0 verbose cli C:\Program Files\nodejs\node.exe C:\Program Files\nodejs\node_modules\npm\bin\npm-cli.js
1 info using npm@11.9.0
2 info using node@v24.14.0
3 silly config load:file:C:\Program Files\nodejs\node_modules\npm\npmrc
4 silly config load:file:C:\Users\rothm\src\privilege_detailing\.npmrc
5 silly config load:file:C:\Users\rothm\.npmrc
6 silly config load:file:C:\Users\rothm\AppData\Roaming\npm\etc\npmrc
7 verbose title npm outdated
8 verbose argv "outdated" "--cache" ".npm-cache"
9 verbose logfile logs-max:10 dir:C:\Users\rothm\src\privilege_detailing\.npm-cache\_logs\2026-03-23T13_04_18_672Z-
10 verbose logfile C:\Users\rothm\src\privilege_detailing\.npm-cache\_logs\2026-03-23T13_04_18_672Z-debug-0.log
11 silly logfile done cleaning log files
12 silly packumentCache heap:4496293888 maxSize:1124073472 maxEntrySize:562036736
13 http fetch GET 200 https://registry.npmjs.org/next 309ms (cache revalidated)
14 http fetch GET 200 https://registry.npmjs.org/@vercel%2fspeed-insights 578ms (cache revalidated)
15 http fetch GET 200 https://registry.npmjs.org/resend 606ms (cache miss)
16 http fetch GET 200 https://registry.npmjs.org/@types%2freact-dom 630ms (cache miss)
17 http fetch GET 200 https://registry.npmjs.org/autoprefixer 643ms (cache miss)
18 http fetch GET 200 https://registry.npmjs.org/postcss 653ms (cache miss)
19 http fetch GET 200 https://registry.npmjs.org/@tailwindcss%2fpostcss 697ms (cache miss)
20 http fetch GET 200 https://registry.npmjs.org/@types%2freact 699ms (cache miss)
21 http fetch GET 200 https://registry.npmjs.org/lucide-react 710ms (cache miss)
22 http fetch GET 200 https://registry.npmjs.org/eslint 722ms (cache miss)
23 http fetch GET 200 https://registry.npmjs.org/react 1480ms (cache miss)
24 http fetch GET 200 https://registry.npmjs.org/tailwindcss 1518ms (cache miss)
25 http fetch GET 200 https://registry.npmjs.org/react-dom 2792ms (cache miss)
26 http fetch GET 200 https://registry.npmjs.org/@types%2fnode 2844ms (cache miss)
27 http fetch GET 200 https://registry.npmjs.org/typescript 3017ms (cache miss)
28 http fetch GET 200 https://registry.npmjs.org/eslint-config-next 3465ms (cache miss)
29 verbose cwd C:\Users\rothm\src\privilege_detailing
30 verbose os Windows_NT 10.0.26200
31 verbose node v24.14.0
32 verbose npm  v11.9.0
33 verbose exit 1
34 verbose code 1
