0 verbose cli C:\Program Files\nodejs\node.exe C:\Program Files\nodejs\node_modules\npm\bin\npm-cli.js
1 info using npm@11.9.0
2 info using node@v24.14.0
3 silly config load:file:C:\Program Files\nodejs\node_modules\npm\npmrc
4 silly config load:file:C:\Users\rothm\src\privilege_detailing\.npmrc
5 silly config load:file:C:\Users\rothm\.npmrc
6 silly config load:file:C:\Users\rothm\AppData\Roaming\npm\etc\npmrc
7 verbose title npm install next@16.2.1 eslint-config-next@16.2.1 react@19.2.4 react-dom@19.2.4 @tailwindcss/postcss@4.2.2 tailwindcss@4.2.2 @types/node@20.19.37 eslint@9.39.4 resend@6.9.4 lucide-react@0.577.0
8 verbose argv "install" "next@16.2.1" "eslint-config-next@16.2.1" "react@19.2.4" "react-dom@19.2.4" "@tailwindcss/postcss@4.2.2" "tailwindcss@4.2.2" "@types/node@20.19.37" "eslint@9.39.4" "resend@6.9.4" "lucide-react@0.577.0" "--cache" ".npm-cache"
9 verbose logfile logs-max:10 dir:C:\Users\rothm\src\privilege_detailing\.npm-cache\_logs\2026-03-23T13_06_40_086Z-
10 verbose logfile C:\Users\rothm\src\privilege_detailing\.npm-cache\_logs\2026-03-23T13_06_40_086Z-debug-0.log
11 silly logfile done cleaning log files
12 silly packumentCache heap:4496293888 maxSize:1124073472 maxEntrySize:562036736
13 silly idealTree buildDeps
14 silly fetch manifest lucide-react@0.577.0
15 silly packumentCache full:https://registry.npmjs.org/lucide-react cache-miss
16 http fetch GET 200 https://registry.npmjs.org/lucide-react 557ms (cache miss)
17 silly packumentCache full:https://registry.npmjs.org/lucide-react set size:undefined disposed:false
18 silly fetch manifest react@19.2.4
19 silly packumentCache full:https://registry.npmjs.org/react cache-miss
20 http fetch GET 200 https://registry.npmjs.org/react 406ms (cache miss)
21 silly packumentCache full:https://registry.npmjs.org/react set size:undefined disposed:false
22 silly fetch manifest next@16.2.1
23 silly packumentCache full:https://registry.npmjs.org/next cache-miss
24 http fetch GET 200 https://registry.npmjs.org/next 1238ms (cache miss)
25 silly packumentCache full:https://registry.npmjs.org/next set size:undefined disposed:false
26 silly fetch manifest @opentelemetry/api@^1.1.0
27 silly packumentCache full:https://registry.npmjs.org/@opentelemetry%2fapi cache-miss
28 http fetch GET 200 https://registry.npmjs.org/@opentelemetry%2fapi 168ms (cache miss)
29 silly packumentCache full:https://registry.npmjs.org/@opentelemetry%2fapi set size:undefined disposed:false
30 silly fetch manifest @playwright/test@^1.51.1
31 silly packumentCache full:https://registry.npmjs.org/@playwright%2ftest cache-miss
32 http fetch GET 200 https://registry.npmjs.org/@playwright%2ftest 1132ms (cache miss)
33 silly packumentCache full:https://registry.npmjs.org/@playwright%2ftest set size:undefined disposed:false
34 silly fetch manifest babel-plugin-react-compiler@*
35 silly packumentCache full:https://registry.npmjs.org/babel-plugin-react-compiler cache-miss
36 http fetch GET 200 https://registry.npmjs.org/babel-plugin-react-compiler 175ms (cache miss)
37 silly packumentCache full:https://registry.npmjs.org/babel-plugin-react-compiler set size:undefined disposed:false
38 silly fetch manifest react-dom@19.2.4
39 silly packumentCache full:https://registry.npmjs.org/react-dom cache-miss
40 http fetch GET 200 https://registry.npmjs.org/react-dom 414ms (cache miss)
41 silly packumentCache full:https://registry.npmjs.org/react-dom set size:undefined disposed:false
42 silly fetch manifest sass@^1.3.0
43 silly packumentCache full:https://registry.npmjs.org/sass cache-miss
44 http fetch GET 200 https://registry.npmjs.org/sass 75ms (cache miss)
45 silly packumentCache full:https://registry.npmjs.org/sass set size:undefined disposed:false
46 silly fetch manifest resend@6.9.4
47 silly packumentCache full:https://registry.npmjs.org/resend cache-miss
48 http fetch GET 200 https://registry.npmjs.org/resend 134ms (cache miss)
49 silly packumentCache full:https://registry.npmjs.org/resend set size:undefined disposed:false
50 silly fetch manifest @react-email/render@*
51 silly packumentCache full:https://registry.npmjs.org/@react-email%2frender cache-miss
52 http fetch GET 200 https://registry.npmjs.org/@react-email%2frender 160ms (cache miss)
53 silly packumentCache full:https://registry.npmjs.org/@react-email%2frender set size:undefined disposed:false
54 silly fetch manifest @tailwindcss/postcss@4.2.2
55 silly packumentCache full:https://registry.npmjs.org/@tailwindcss%2fpostcss cache-miss
56 http fetch GET 200 https://registry.npmjs.org/@tailwindcss%2fpostcss 144ms (cache miss)
57 silly packumentCache full:https://registry.npmjs.org/@tailwindcss%2fpostcss set size:undefined disposed:false
58 silly fetch manifest @types/node@20.19.37
59 silly packumentCache full:https://registry.npmjs.org/@types%2fnode cache-miss
60 http fetch GET 200 https://registry.npmjs.org/@types%2fnode 397ms (cache miss)
61 silly packumentCache full:https://registry.npmjs.org/@types%2fnode set size:undefined disposed:false
62 silly fetch manifest eslint@9.39.4
63 silly packumentCache full:https://registry.npmjs.org/eslint cache-miss
64 http fetch GET 200 https://registry.npmjs.org/eslint 89ms (cache miss)
65 silly packumentCache full:https://registry.npmjs.org/eslint set size:undefined disposed:false
66 silly fetch manifest jiti@*
67 silly packumentCache full:https://registry.npmjs.org/jiti cache-miss
68 http fetch GET 200 https://registry.npmjs.org/jiti 108ms (cache miss)
69 silly packumentCache full:https://registry.npmjs.org/jiti set size:undefined disposed:false
70 silly fetch manifest eslint-config-next@16.2.1
71 silly packumentCache full:https://registry.npmjs.org/eslint-config-next cache-miss
72 http fetch GET 200 https://registry.npmjs.org/eslint-config-next 305ms (cache miss)
73 silly packumentCache full:https://registry.npmjs.org/eslint-config-next set size:undefined disposed:false
74 silly fetch manifest typescript@^5
75 silly packumentCache full:https://registry.npmjs.org/typescript cache-miss
76 http fetch GET 200 https://registry.npmjs.org/typescript 408ms (cache miss)
77 silly packumentCache full:https://registry.npmjs.org/typescript set size:undefined disposed:false
78 silly fetch manifest tailwindcss@4.2.2
79 silly packumentCache full:https://registry.npmjs.org/tailwindcss cache-miss
80 http fetch GET 200 https://registry.npmjs.org/tailwindcss 330ms (cache miss)
81 silly packumentCache full:https://registry.npmjs.org/tailwindcss set size:undefined disposed:false
82 silly placeDep ROOT @tailwindcss/postcss@4.2.2 REPLACE for: privilege-detailing@0.1.0 want: 4.2.2
83 silly placeDep ROOT @types/node@20.19.37 REPLACE for: privilege-detailing@0.1.0 want: 20.19.37
84 silly placeDep ROOT eslint@9.39.4 REPLACE for: privilege-detailing@0.1.0 want: 9.39.4
85 silly placeDep ROOT eslint-config-next@16.2.1 REPLACE for: privilege-detailing@0.1.0 want: 16.2.1
86 silly placeDep ROOT lucide-react@0.577.0 REPLACE for: privilege-detailing@0.1.0 want: 0.577.0
87 silly placeDep ROOT next@16.2.1 REPLACE for: privilege-detailing@0.1.0 want: 16.2.1
88 silly placeDep ROOT react@19.2.4 REPLACE for: privilege-detailing@0.1.0 want: 19.2.4
89 silly placeDep ROOT react-dom@19.2.4 REPLACE for: privilege-detailing@0.1.0 want: 19.2.4
90 silly placeDep ROOT resend@6.9.4 REPLACE for: privilege-detailing@0.1.0 want: 6.9.4
91 silly placeDep ROOT tailwindcss@4.2.2 OK for: privilege-detailing@0.1.0 want: 4.2.2
92 silly fetch manifest @tailwindcss/node@4.2.2
93 silly packumentCache full:https://registry.npmjs.org/@tailwindcss%2fnode cache-miss
94 silly fetch manifest @tailwindcss/oxide@4.2.2
95 silly packumentCache full:https://registry.npmjs.org/@tailwindcss%2foxide cache-miss
96 silly fetch manifest ajv@^6.14.0
97 silly packumentCache full:https://registry.npmjs.org/ajv cache-miss
98 silly fetch manifest espree@^10.4.0
99 silly packumentCache full:https://registry.npmjs.org/espree cache-miss
100 silly fetch manifest ignore@^5.2.0
101 silly packumentCache full:https://registry.npmjs.org/ignore cache-miss
102 silly fetch manifest @eslint/js@9.39.4
103 silly packumentCache full:https://registry.npmjs.org/@eslint%2fjs cache-miss
104 silly fetch manifest fast-deep-equal@^3.1.3
105 silly packumentCache full:https://registry.npmjs.org/fast-deep-equal cache-miss
106 http fetch GET 200 https://registry.npmjs.org/@tailwindcss%2fnode 423ms (cache miss)
107 silly packumentCache full:https://registry.npmjs.org/@tailwindcss%2fnode set size:undefined disposed:false
108 silly fetch manifest @eslint/eslintrc@^3.3.5
109 silly packumentCache full:https://registry.npmjs.org/@eslint%2feslintrc cache-miss
110 http fetch GET 200 https://registry.npmjs.org/fast-deep-equal 450ms (cache miss)
111 silly packumentCache full:https://registry.npmjs.org/fast-deep-equal set size:undefined disposed:false
112 silly fetch manifest eslint-visitor-keys@^4.2.1
113 silly packumentCache full:https://registry.npmjs.org/eslint-visitor-keys cache-miss
114 http fetch GET 200 https://registry.npmjs.org/@eslint%2fjs 489ms (cache miss)
115 silly packumentCache full:https://registry.npmjs.org/@eslint%2fjs set size:undefined disposed:false
116 silly fetch manifest @eslint/config-array@^0.21.2
117 silly packumentCache full:https://registry.npmjs.org/@eslint%2fconfig-array cache-miss
118 http fetch GET 200 https://registry.npmjs.org/ignore 509ms (cache miss)
119 silly packumentCache full:https://registry.npmjs.org/ignore set size:undefined disposed:false
120 silly fetch manifest @next/eslint-plugin-next@16.2.1
121 silly packumentCache full:https://registry.npmjs.org/@next%2feslint-plugin-next cache-miss
122 http fetch GET 200 https://registry.npmjs.org/espree 528ms (cache miss)
123 silly packumentCache full:https://registry.npmjs.org/espree set size:undefined disposed:false
124 silly fetch manifest @next/env@16.2.1
125 silly packumentCache full:https://registry.npmjs.org/@next%2fenv cache-miss
126 http fetch GET 200 https://registry.npmjs.org/eslint-visitor-keys 105ms (cache miss)
127 silly packumentCache full:https://registry.npmjs.org/eslint-visitor-keys set size:undefined disposed:false
128 silly fetch manifest @next/swc-darwin-x64@16.2.1
129 silly packumentCache full:https://registry.npmjs.org/@next%2fswc-darwin-x64 cache-miss
130 http fetch GET 200 https://registry.npmjs.org/@eslint%2fconfig-array 94ms (cache miss)
131 silly packumentCache full:https://registry.npmjs.org/@eslint%2fconfig-array set size:undefined disposed:false
132 silly fetch manifest @next/swc-darwin-arm64@16.2.1
133 silly packumentCache full:https://registry.npmjs.org/@next%2fswc-darwin-arm64 cache-miss
134 http fetch GET 200 https://registry.npmjs.org/@eslint%2feslintrc 142ms (cache miss)
135 silly packumentCache full:https://registry.npmjs.org/@eslint%2feslintrc set size:undefined disposed:false
136 silly fetch manifest @next/swc-linux-x64-gnu@16.2.1
137 silly packumentCache full:https://registry.npmjs.org/@next%2fswc-linux-x64-gnu cache-miss
138 http fetch GET 200 https://registry.npmjs.org/ajv 615ms (cache miss)
139 silly packumentCache full:https://registry.npmjs.org/ajv set size:undefined disposed:false
140 silly fetch manifest @next/swc-linux-x64-musl@16.2.1
141 silly packumentCache full:https://registry.npmjs.org/@next%2fswc-linux-x64-musl cache-miss
142 http fetch GET 200 https://registry.npmjs.org/@tailwindcss%2foxide 857ms (cache miss)
143 silly packumentCache full:https://registry.npmjs.org/@tailwindcss%2foxide set size:undefined disposed:false
144 silly fetch manifest @next/swc-win32-x64-msvc@16.2.1
145 silly packumentCache full:https://registry.npmjs.org/@next%2fswc-win32-x64-msvc cache-miss
146 http fetch GET 200 https://registry.npmjs.org/@next%2fswc-darwin-arm64 584ms (cache miss)
147 silly packumentCache full:https://registry.npmjs.org/@next%2fswc-darwin-arm64 set size:undefined disposed:false
148 silly fetch manifest @next/swc-linux-arm64-gnu@16.2.1
149 silly packumentCache full:https://registry.npmjs.org/@next%2fswc-linux-arm64-gnu cache-miss
150 http fetch GET 200 https://registry.npmjs.org/@next%2feslint-plugin-next 920ms (cache miss)
151 silly packumentCache full:https://registry.npmjs.org/@next%2feslint-plugin-next set size:undefined disposed:false
152 silly fetch manifest @next/swc-linux-arm64-musl@16.2.1
153 silly packumentCache full:https://registry.npmjs.org/@next%2fswc-linux-arm64-musl cache-miss
154 http fetch GET 200 https://registry.npmjs.org/@next%2fenv 1007ms (cache miss)
155 silly packumentCache full:https://registry.npmjs.org/@next%2fenv set size:undefined disposed:false
156 silly fetch manifest @next/swc-win32-arm64-msvc@16.2.1
157 silly packumentCache full:https://registry.npmjs.org/@next%2fswc-win32-arm64-msvc cache-miss
158 http fetch GET 200 https://registry.npmjs.org/@next%2fswc-linux-arm64-gnu 1255ms (cache miss)
159 silly packumentCache full:https://registry.npmjs.org/@next%2fswc-linux-arm64-gnu set size:undefined disposed:false
160 silly fetch manifest svix@1.86.0
161 silly packumentCache full:https://registry.npmjs.org/svix cache-miss
162 http fetch GET 200 https://registry.npmjs.org/@next%2fswc-linux-x64-gnu 1975ms (cache miss)
163 silly packumentCache full:https://registry.npmjs.org/@next%2fswc-linux-x64-gnu set size:undefined disposed:false
164 http fetch GET 200 https://registry.npmjs.org/svix 888ms (cache miss)
165 silly packumentCache full:https://registry.npmjs.org/svix set size:undefined disposed:false
166 http fetch GET 200 https://registry.npmjs.org/@next%2fswc-darwin-x64 2874ms (cache miss)
167 silly packumentCache full:https://registry.npmjs.org/@next%2fswc-darwin-x64 set size:undefined disposed:false
168 http fetch GET 200 https://registry.npmjs.org/@next%2fswc-win32-arm64-msvc 1980ms (cache miss)
169 silly packumentCache full:https://registry.npmjs.org/@next%2fswc-win32-arm64-msvc set size:undefined disposed:false
170 http fetch GET 200 https://registry.npmjs.org/@next%2fswc-linux-arm64-musl 2161ms (cache miss)
171 silly packumentCache full:https://registry.npmjs.org/@next%2fswc-linux-arm64-musl set size:undefined disposed:false
172 http fetch GET 200 https://registry.npmjs.org/@next%2fswc-linux-x64-musl 3628ms (cache miss)
173 silly packumentCache full:https://registry.npmjs.org/@next%2fswc-linux-x64-musl set size:undefined disposed:false
174 http fetch GET 200 https://registry.npmjs.org/@next%2fswc-win32-x64-msvc 3647ms (cache miss)
175 silly packumentCache full:https://registry.npmjs.org/@next%2fswc-win32-x64-msvc set size:undefined disposed:false
176 silly placeDep ROOT @tailwindcss/node@4.2.2 OK for: @tailwindcss/postcss@4.2.2 want: 4.2.2
177 silly placeDep ROOT @tailwindcss/oxide@4.2.2 OK for: @tailwindcss/postcss@4.2.2 want: 4.2.2
178 silly fetch manifest lightningcss@1.32.0
179 silly packumentCache full:https://registry.npmjs.org/lightningcss cache-miss
180 silly fetch manifest magic-string@^0.30.21
181 silly packumentCache full:https://registry.npmjs.org/magic-string cache-miss
182 silly fetch manifest enhanced-resolve@^5.19.0
183 silly packumentCache full:https://registry.npmjs.org/enhanced-resolve cache-miss
184 silly fetch manifest @tailwindcss/oxide-darwin-x64@4.2.2
185 silly packumentCache full:https://registry.npmjs.org/@tailwindcss%2foxide-darwin-x64 cache-miss
186 silly fetch manifest @tailwindcss/oxide-freebsd-x64@4.2.2
187 silly packumentCache full:https://registry.npmjs.org/@tailwindcss%2foxide-freebsd-x64 cache-miss
188 silly fetch manifest @tailwindcss/oxide-wasm32-wasi@4.2.2
189 silly packumentCache full:https://registry.npmjs.org/@tailwindcss%2foxide-wasm32-wasi cache-miss
190 silly fetch manifest @tailwindcss/oxide-darwin-arm64@4.2.2
191 silly packumentCache full:https://registry.npmjs.org/@tailwindcss%2foxide-darwin-arm64 cache-miss
192 http fetch GET 200 https://registry.npmjs.org/enhanced-resolve 51ms (cache miss)
193 silly packumentCache full:https://registry.npmjs.org/enhanced-resolve set size:undefined disposed:false
194 silly fetch manifest @tailwindcss/oxide-android-arm64@4.2.2
195 silly packumentCache full:https://registry.npmjs.org/@tailwindcss%2foxide-android-arm64 cache-miss
196 http fetch GET 200 https://registry.npmjs.org/magic-string 80ms (cache miss)
197 silly packumentCache full:https://registry.npmjs.org/magic-string set size:undefined disposed:false
198 silly fetch manifest @tailwindcss/oxide-linux-x64-gnu@4.2.2
199 silly packumentCache full:https://registry.npmjs.org/@tailwindcss%2foxide-linux-x64-gnu cache-miss
200 http fetch GET 200 https://registry.npmjs.org/lightningcss 106ms (cache miss)
201 silly packumentCache full:https://registry.npmjs.org/lightningcss set size:undefined disposed:false
202 silly fetch manifest @tailwindcss/oxide-linux-x64-musl@4.2.2
203 silly packumentCache full:https://registry.npmjs.org/@tailwindcss%2foxide-linux-x64-musl cache-miss
204 http fetch GET 200 https://registry.npmjs.org/@tailwindcss%2foxide-wasm32-wasi 133ms (cache miss)
205 silly packumentCache full:https://registry.npmjs.org/@tailwindcss%2foxide-wasm32-wasi set size:undefined disposed:false
206 silly fetch manifest @tailwindcss/oxide-win32-x64-msvc@4.2.2
207 silly packumentCache full:https://registry.npmjs.org/@tailwindcss%2foxide-win32-x64-msvc cache-miss
208 http fetch GET 200 https://registry.npmjs.org/@tailwindcss%2foxide-darwin-x64 165ms (cache miss)
209 silly packumentCache full:https://registry.npmjs.org/@tailwindcss%2foxide-darwin-x64 set size:undefined disposed:false
210 silly fetch manifest @tailwindcss/oxide-linux-arm64-gnu@4.2.2
211 silly packumentCache full:https://registry.npmjs.org/@tailwindcss%2foxide-linux-arm64-gnu cache-miss
212 http fetch GET 200 https://registry.npmjs.org/@tailwindcss%2foxide-darwin-arm64 184ms (cache miss)
213 silly packumentCache full:https://registry.npmjs.org/@tailwindcss%2foxide-darwin-arm64 set size:undefined disposed:false
214 silly fetch manifest @tailwindcss/oxide-linux-arm64-musl@4.2.2
215 silly packumentCache full:https://registry.npmjs.org/@tailwindcss%2foxide-linux-arm64-musl cache-miss
216 http fetch GET 200 https://registry.npmjs.org/@tailwindcss%2foxide-win32-x64-msvc 514ms (cache miss)
217 silly packumentCache full:https://registry.npmjs.org/@tailwindcss%2foxide-win32-x64-msvc set size:undefined disposed:false
218 silly fetch manifest @tailwindcss/oxide-win32-arm64-msvc@4.2.2
219 silly packumentCache full:https://registry.npmjs.org/@tailwindcss%2foxide-win32-arm64-msvc cache-miss
220 http fetch GET 200 https://registry.npmjs.org/@tailwindcss%2foxide-linux-arm64-musl 528ms (cache miss)
221 silly packumentCache full:https://registry.npmjs.org/@tailwindcss%2foxide-linux-arm64-musl set size:undefined disposed:false
222 silly fetch manifest @tailwindcss/oxide-linux-arm-gnueabihf@4.2.2
223 silly packumentCache full:https://registry.npmjs.org/@tailwindcss%2foxide-linux-arm-gnueabihf cache-miss
224 http fetch GET 200 https://registry.npmjs.org/@tailwindcss%2foxide-win32-arm64-msvc 128ms (cache miss)
225 silly packumentCache full:https://registry.npmjs.org/@tailwindcss%2foxide-win32-arm64-msvc set size:undefined disposed:false
226 http fetch GET 200 https://registry.npmjs.org/@tailwindcss%2foxide-linux-x64-musl 698ms (cache miss)
227 silly packumentCache full:https://registry.npmjs.org/@tailwindcss%2foxide-linux-x64-musl set size:undefined disposed:false
228 http fetch GET 200 https://registry.npmjs.org/@tailwindcss%2foxide-linux-arm64-gnu 769ms (cache miss)
229 silly packumentCache full:https://registry.npmjs.org/@tailwindcss%2foxide-linux-arm64-gnu set size:undefined disposed:false
230 http fetch GET 200 https://registry.npmjs.org/@tailwindcss%2foxide-linux-x64-gnu 1540ms (cache miss)
231 silly packumentCache full:https://registry.npmjs.org/@tailwindcss%2foxide-linux-x64-gnu set size:undefined disposed:false
232 http fetch GET 200 https://registry.npmjs.org/@tailwindcss%2foxide-freebsd-x64 1929ms (cache miss)
233 silly packumentCache full:https://registry.npmjs.org/@tailwindcss%2foxide-freebsd-x64 set size:undefined disposed:false
234 http fetch GET 200 https://registry.npmjs.org/@tailwindcss%2foxide-android-arm64 1911ms (cache miss)
235 silly packumentCache full:https://registry.npmjs.org/@tailwindcss%2foxide-android-arm64 set size:undefined disposed:false
236 http fetch GET 200 https://registry.npmjs.org/@tailwindcss%2foxide-linux-arm-gnueabihf 1293ms (cache miss)
237 silly packumentCache full:https://registry.npmjs.org/@tailwindcss%2foxide-linux-arm-gnueabihf set size:undefined disposed:false
238 silly placeDep ROOT enhanced-resolve@5.20.1 OK for: @tailwindcss/node@4.2.2 want: ^5.19.0
239 silly placeDep ROOT lightningcss@1.32.0 OK for: @tailwindcss/node@4.2.2 want: 1.32.0
240 silly placeDep ROOT magic-string@0.30.21 OK for: @tailwindcss/node@4.2.2 want: ^0.30.21
241 silly fetch manifest graceful-fs@^4.2.4
242 silly packumentCache full:https://registry.npmjs.org/graceful-fs cache-miss
243 silly fetch manifest tapable@^2.3.0
244 silly packumentCache full:https://registry.npmjs.org/tapable cache-miss
245 silly fetch manifest lightningcss-darwin-x64@1.32.0
246 silly packumentCache full:https://registry.npmjs.org/lightningcss-darwin-x64 cache-miss
247 silly fetch manifest lightningcss-linux-x64-gnu@1.32.0
248 silly packumentCache full:https://registry.npmjs.org/lightningcss-linux-x64-gnu cache-miss
249 silly fetch manifest lightningcss-win32-x64-msvc@1.32.0
250 silly packumentCache full:https://registry.npmjs.org/lightningcss-win32-x64-msvc cache-miss
251 silly fetch manifest lightningcss-win32-arm64-msvc@1.32.0
252 silly packumentCache full:https://registry.npmjs.org/lightningcss-win32-arm64-msvc cache-miss
253 silly fetch manifest lightningcss-darwin-arm64@1.32.0
254 silly packumentCache full:https://registry.npmjs.org/lightningcss-darwin-arm64 cache-miss
255 http fetch GET 200 https://registry.npmjs.org/tapable 72ms (cache miss)
256 silly packumentCache full:https://registry.npmjs.org/tapable set size:undefined disposed:false
257 silly fetch manifest lightningcss-linux-arm64-gnu@1.32.0
258 silly packumentCache full:https://registry.npmjs.org/lightningcss-linux-arm64-gnu cache-miss
259 http fetch GET 200 https://registry.npmjs.org/graceful-fs 79ms (cache miss)
260 silly packumentCache full:https://registry.npmjs.org/graceful-fs set size:undefined disposed:false
261 silly fetch manifest lightningcss-linux-arm-gnueabihf@1.32.0
262 silly packumentCache full:https://registry.npmjs.org/lightningcss-linux-arm-gnueabihf cache-miss
263 http fetch GET 200 https://registry.npmjs.org/lightningcss-win32-arm64-msvc 81ms (cache miss)
264 silly packumentCache full:https://registry.npmjs.org/lightningcss-win32-arm64-msvc set size:undefined disposed:false
265 silly fetch manifest lightningcss-linux-arm64-musl@1.32.0
266 silly packumentCache full:https://registry.npmjs.org/lightningcss-linux-arm64-musl cache-miss
267 http fetch GET 200 https://registry.npmjs.org/lightningcss-win32-x64-msvc 83ms (cache miss)
268 silly packumentCache full:https://registry.npmjs.org/lightningcss-win32-x64-msvc set size:undefined disposed:false
269 silly fetch manifest lightningcss-linux-x64-musl@1.32.0
270 silly packumentCache full:https://registry.npmjs.org/lightningcss-linux-x64-musl cache-miss
271 http fetch GET 200 https://registry.npmjs.org/lightningcss-linux-x64-gnu 89ms (cache miss)
272 silly packumentCache full:https://registry.npmjs.org/lightningcss-linux-x64-gnu set size:undefined disposed:false
273 silly fetch manifest lightningcss-freebsd-x64@1.32.0
274 silly packumentCache full:https://registry.npmjs.org/lightningcss-freebsd-x64 cache-miss
275 http fetch GET 200 https://registry.npmjs.org/lightningcss-darwin-x64 94ms (cache miss)
276 silly packumentCache full:https://registry.npmjs.org/lightningcss-darwin-x64 set size:undefined disposed:false
277 silly fetch manifest lightningcss-android-arm64@1.32.0
278 silly packumentCache full:https://registry.npmjs.org/lightningcss-android-arm64 cache-miss
279 http fetch GET 200 https://registry.npmjs.org/lightningcss-darwin-arm64 103ms (cache miss)
280 silly packumentCache full:https://registry.npmjs.org/lightningcss-darwin-arm64 set size:undefined disposed:false
281 http fetch GET 200 https://registry.npmjs.org/lightningcss-linux-arm64-gnu 55ms (cache miss)
282 silly packumentCache full:https://registry.npmjs.org/lightningcss-linux-arm64-gnu set size:undefined disposed:false
283 http fetch GET 200 https://registry.npmjs.org/lightningcss-linux-arm64-musl 49ms (cache miss)
284 silly packumentCache full:https://registry.npmjs.org/lightningcss-linux-arm64-musl set size:undefined disposed:false
285 http fetch GET 200 https://registry.npmjs.org/lightningcss-linux-x64-musl 50ms (cache miss)
286 silly packumentCache full:https://registry.npmjs.org/lightningcss-linux-x64-musl set size:undefined disposed:false
287 http fetch GET 200 https://registry.npmjs.org/lightningcss-freebsd-x64 51ms (cache miss)
288 silly packumentCache full:https://registry.npmjs.org/lightningcss-freebsd-x64 set size:undefined disposed:false
289 http fetch GET 200 https://registry.npmjs.org/lightningcss-android-arm64 49ms (cache miss)
290 silly packumentCache full:https://registry.npmjs.org/lightningcss-android-arm64 set size:undefined disposed:false
291 http fetch GET 200 https://registry.npmjs.org/lightningcss-linux-arm-gnueabihf 65ms (cache miss)
292 silly packumentCache full:https://registry.npmjs.org/lightningcss-linux-arm-gnueabihf set size:undefined disposed:false
293 silly placeDep ROOT @tailwindcss/oxide-android-arm64@4.2.2 OK for: @tailwindcss/oxide@4.2.2 want: 4.2.2
294 silly placeDep ROOT @tailwindcss/oxide-darwin-arm64@4.2.2 OK for: @tailwindcss/oxide@4.2.2 want: 4.2.2
295 silly placeDep ROOT @tailwindcss/oxide-darwin-x64@4.2.2 OK for: @tailwindcss/oxide@4.2.2 want: 4.2.2
296 silly placeDep ROOT @tailwindcss/oxide-freebsd-x64@4.2.2 OK for: @tailwindcss/oxide@4.2.2 want: 4.2.2
297 silly placeDep ROOT @tailwindcss/oxide-linux-arm-gnueabihf@4.2.2 OK for: @tailwindcss/oxide@4.2.2 want: 4.2.2
298 silly placeDep ROOT @tailwindcss/oxide-linux-arm64-gnu@4.2.2 OK for: @tailwindcss/oxide@4.2.2 want: 4.2.2
299 silly placeDep ROOT @tailwindcss/oxide-linux-arm64-musl@4.2.2 OK for: @tailwindcss/oxide@4.2.2 want: 4.2.2
300 silly placeDep ROOT @tailwindcss/oxide-linux-x64-gnu@4.2.2 OK for: @tailwindcss/oxide@4.2.2 want: 4.2.2
301 silly placeDep ROOT @tailwindcss/oxide-linux-x64-musl@4.2.2 OK for: @tailwindcss/oxide@4.2.2 want: 4.2.2
302 silly placeDep ROOT @tailwindcss/oxide-wasm32-wasi@4.2.2 OK for: @tailwindcss/oxide@4.2.2 want: 4.2.2
303 silly placeDep ROOT @tailwindcss/oxide-win32-arm64-msvc@4.2.2 OK for: @tailwindcss/oxide@4.2.2 want: 4.2.2
304 silly placeDep ROOT @tailwindcss/oxide-win32-x64-msvc@4.2.2 OK for: @tailwindcss/oxide@4.2.2 want: 4.2.2
305 silly placeDep ROOT graceful-fs@4.2.11 OK for: enhanced-resolve@5.20.1 want: ^4.2.4
306 silly placeDep ROOT tapable@2.3.1 OK for: enhanced-resolve@5.20.1 want: ^2.3.0
307 silly placeDep ROOT @eslint/config-array@0.21.2 OK for: eslint@9.39.4 want: ^0.21.2
308 silly placeDep ROOT @eslint/eslintrc@3.3.5 OK for: eslint@9.39.4 want: ^3.3.5
309 silly placeDep ROOT @eslint/js@9.39.4 OK for: eslint@9.39.4 want: 9.39.4
310 silly placeDep ROOT ajv@6.14.0 OK for: eslint@9.39.4 want: ^6.14.0
311 silly placeDep ROOT eslint-visitor-keys@4.2.1 OK for: eslint@9.39.4 want: ^4.2.1
312 silly placeDep ROOT espree@10.4.0 OK for: eslint@9.39.4 want: ^10.4.0
313 silly placeDep ROOT fast-deep-equal@3.1.3 OK for: eslint@9.39.4 want: ^3.1.3
314 silly placeDep ROOT ignore@5.3.2 OK for: eslint@9.39.4 want: ^5.2.0
315 silly fetch manifest @eslint/object-schema@^2.1.7
316 silly packumentCache full:https://registry.npmjs.org/@eslint%2fobject-schema cache-miss
317 silly fetch manifest espree@^10.0.1
318 silly packumentCache full:https://registry.npmjs.org/espree cache-miss
319 silly fetch manifest globals@^14.0.0
320 silly packumentCache full:https://registry.npmjs.org/globals cache-miss
321 silly fetch manifest import-fresh@^3.2.1
322 silly packumentCache full:https://registry.npmjs.org/import-fresh cache-miss
323 silly fetch manifest js-yaml@^4.1.1
324 silly packumentCache full:https://registry.npmjs.org/js-yaml cache-miss
325 silly fetch manifest strip-json-comments@^3.1.1
326 silly packumentCache full:https://registry.npmjs.org/strip-json-comments cache-miss
327 silly fetch manifest fast-deep-equal@^3.1.1
328 silly packumentCache full:https://registry.npmjs.org/fast-deep-equal cache-miss
329 http cache https://registry.npmjs.org/fast-deep-equal 14ms (cache hit)
330 silly packumentCache full:https://registry.npmjs.org/fast-deep-equal set size:48634 disposed:false
331 silly fetch manifest fast-json-stable-stringify@^2.0.0
332 silly packumentCache full:https://registry.npmjs.org/fast-json-stable-stringify cache-miss
333 http cache https://registry.npmjs.org/espree 19ms (cache hit)
334 silly packumentCache full:https://registry.npmjs.org/espree set size:326080 disposed:false
335 silly fetch manifest json-schema-traverse@^0.4.1
336 silly packumentCache full:https://registry.npmjs.org/json-schema-traverse cache-miss
337 http fetch GET 200 https://registry.npmjs.org/import-fresh 52ms (cache miss)
338 silly packumentCache full:https://registry.npmjs.org/import-fresh set size:undefined disposed:false
339 silly fetch manifest uri-js@^4.2.2
340 silly packumentCache full:https://registry.npmjs.org/uri-js cache-miss
341 http fetch GET 200 https://registry.npmjs.org/globals 58ms (cache miss)
342 silly packumentCache full:https://registry.npmjs.org/globals set size:undefined disposed:false
343 silly fetch manifest acorn@^8.15.0
344 silly packumentCache full:https://registry.npmjs.org/acorn cache-miss
345 http fetch GET 200 https://registry.npmjs.org/@eslint%2fobject-schema 79ms (cache miss)
346 silly packumentCache full:https://registry.npmjs.org/@eslint%2fobject-schema set size:undefined disposed:false
347 silly fetch manifest acorn-jsx@^5.3.2
348 silly packumentCache full:https://registry.npmjs.org/acorn-jsx cache-miss
349 http fetch GET 200 https://registry.npmjs.org/js-yaml 81ms (cache miss)
350 silly packumentCache full:https://registry.npmjs.org/js-yaml set size:undefined disposed:false
351 http fetch GET 200 https://registry.npmjs.org/json-schema-traverse 64ms (cache miss)
352 silly packumentCache full:https://registry.npmjs.org/json-schema-traverse set size:undefined disposed:false
353 http fetch GET 200 https://registry.npmjs.org/fast-json-stable-stringify 72ms (cache miss)
354 silly packumentCache full:https://registry.npmjs.org/fast-json-stable-stringify set size:undefined disposed:false
355 http fetch GET 200 https://registry.npmjs.org/strip-json-comments 96ms (cache miss)
356 silly packumentCache full:https://registry.npmjs.org/strip-json-comments set size:undefined disposed:false
357 http fetch GET 200 https://registry.npmjs.org/uri-js 64ms (cache miss)
358 silly packumentCache full:https://registry.npmjs.org/uri-js set size:undefined disposed:false
359 http fetch GET 200 https://registry.npmjs.org/acorn 56ms (cache miss)
360 silly packumentCache full:https://registry.npmjs.org/acorn set size:undefined disposed:false
361 http fetch GET 200 https://registry.npmjs.org/acorn-jsx 87ms (cache miss)
362 silly packumentCache full:https://registry.npmjs.org/acorn-jsx set size:undefined disposed:false
363 silly placeDep ROOT @eslint/object-schema@2.1.7 OK for: @eslint/config-array@0.21.2 want: ^2.1.7
364 silly placeDep ROOT globals@14.0.0 OK for: @eslint/eslintrc@3.3.5 want: ^14.0.0
365 silly placeDep ROOT import-fresh@3.3.1 OK for: @eslint/eslintrc@3.3.5 want: ^3.2.1
366 silly placeDep ROOT js-yaml@4.1.1 OK for: @eslint/eslintrc@3.3.5 want: ^4.1.1
367 silly placeDep ROOT strip-json-comments@3.1.1 OK for: @eslint/eslintrc@3.3.5 want: ^3.1.1
368 silly fetch manifest resolve-from@^4.0.0
369 silly packumentCache full:https://registry.npmjs.org/resolve-from cache-miss
370 silly fetch manifest parent-module@^1.0.0
371 silly packumentCache full:https://registry.npmjs.org/parent-module cache-miss
372 silly fetch manifest argparse@^2.0.1
373 silly packumentCache full:https://registry.npmjs.org/argparse cache-miss
374 http fetch GET 200 https://registry.npmjs.org/resolve-from 53ms (cache miss)
375 silly packumentCache full:https://registry.npmjs.org/resolve-from set size:undefined disposed:false
376 http fetch GET 200 https://registry.npmjs.org/argparse 57ms (cache miss)
377 silly packumentCache full:https://registry.npmjs.org/argparse set size:undefined disposed:false
378 http fetch GET 200 https://registry.npmjs.org/parent-module 103ms (cache miss)
379 silly packumentCache full:https://registry.npmjs.org/parent-module set size:undefined disposed:false
380 silly placeDep ROOT fast-json-stable-stringify@2.1.0 OK for: ajv@6.14.0 want: ^2.0.0
381 silly placeDep ROOT json-schema-traverse@0.4.1 OK for: ajv@6.14.0 want: ^0.4.1
382 silly placeDep ROOT uri-js@4.4.1 OK for: ajv@6.14.0 want: ^4.2.2
383 silly fetch manifest punycode@^2.1.0
384 silly packumentCache full:https://registry.npmjs.org/punycode cache-miss
385 http fetch GET 200 https://registry.npmjs.org/punycode 47ms (cache miss)
386 silly packumentCache full:https://registry.npmjs.org/punycode set size:undefined disposed:false
387 silly placeDep ROOT @next/eslint-plugin-next@16.2.1 OK for: eslint-config-next@16.2.1 want: 16.2.1
388 silly fetch manifest fast-glob@3.3.1
389 silly packumentCache full:https://registry.npmjs.org/fast-glob cache-miss
390 http fetch GET 200 https://registry.npmjs.org/fast-glob 47ms (cache miss)
391 silly packumentCache full:https://registry.npmjs.org/fast-glob set size:undefined disposed:false
392 silly placeDep ROOT fast-glob@3.3.1 OK for: @next/eslint-plugin-next@16.2.1 want: 3.3.1
393 silly fetch manifest merge2@^1.3.0
394 silly packumentCache full:https://registry.npmjs.org/merge2 cache-miss
395 silly fetch manifest micromatch@^4.0.4
396 silly packumentCache full:https://registry.npmjs.org/micromatch cache-miss
397 silly fetch manifest glob-parent@^5.1.2
398 silly packumentCache full:https://registry.npmjs.org/glob-parent cache-miss
399 silly fetch manifest @nodelib/fs.stat@^2.0.2
400 silly packumentCache full:https://registry.npmjs.org/@nodelib%2ffs.stat cache-miss
401 silly fetch manifest @nodelib/fs.walk@^1.2.3
402 silly packumentCache full:https://registry.npmjs.org/@nodelib%2ffs.walk cache-miss
403 http fetch GET 200 https://registry.npmjs.org/glob-parent 63ms (cache miss)
404 silly packumentCache full:https://registry.npmjs.org/glob-parent set size:undefined disposed:false
405 http fetch GET 200 https://registry.npmjs.org/merge2 67ms (cache miss)
406 silly packumentCache full:https://registry.npmjs.org/merge2 set size:undefined disposed:false
407 http fetch GET 200 https://registry.npmjs.org/micromatch 71ms (cache miss)
408 silly packumentCache full:https://registry.npmjs.org/micromatch set size:undefined disposed:false
409 http fetch GET 200 https://registry.npmjs.org/@nodelib%2ffs.stat 73ms (cache miss)
410 silly packumentCache full:https://registry.npmjs.org/@nodelib%2ffs.stat set size:undefined disposed:false
411 http fetch GET 200 https://registry.npmjs.org/@nodelib%2ffs.walk 110ms (cache miss)
412 silly packumentCache full:https://registry.npmjs.org/@nodelib%2ffs.walk set size:undefined disposed:false
413 silly placeDep ROOT acorn@8.16.0 OK for: espree@10.4.0 want: ^8.15.0
414 silly placeDep ROOT acorn-jsx@5.3.2 OK for: espree@10.4.0 want: ^5.3.2
415 silly placeDep ROOT @nodelib/fs.stat@2.0.5 OK for: fast-glob@3.3.1 want: ^2.0.2
416 silly placeDep ROOT @nodelib/fs.walk@1.2.8 OK for: fast-glob@3.3.1 want: ^1.2.3
417 silly placeDep node_modules/fast-glob glob-parent@5.1.2 OK for: fast-glob@3.3.1 want: ^5.1.2
418 silly placeDep ROOT merge2@1.4.1 OK for: fast-glob@3.3.1 want: ^1.3.0
419 silly placeDep ROOT micromatch@4.0.8 OK for: fast-glob@3.3.1 want: ^4.0.4
420 silly fetch manifest fastq@^1.6.0
421 silly packumentCache full:https://registry.npmjs.org/fastq cache-miss
422 silly fetch manifest @nodelib/fs.scandir@2.1.5
423 silly packumentCache full:https://registry.npmjs.org/@nodelib%2ffs.scandir cache-miss
424 silly fetch manifest braces@^3.0.3
425 silly packumentCache full:https://registry.npmjs.org/braces cache-miss
426 silly fetch manifest picomatch@^2.3.1
427 silly packumentCache full:https://registry.npmjs.org/picomatch cache-miss
428 http fetch GET 200 https://registry.npmjs.org/picomatch 54ms (cache miss)
429 silly packumentCache full:https://registry.npmjs.org/picomatch set size:undefined disposed:false
430 http fetch GET 200 https://registry.npmjs.org/fastq 56ms (cache miss)
431 silly packumentCache full:https://registry.npmjs.org/fastq set size:undefined disposed:false
432 http fetch GET 200 https://registry.npmjs.org/braces 63ms (cache miss)
433 silly packumentCache full:https://registry.npmjs.org/braces set size:undefined disposed:false
434 http fetch GET 200 https://registry.npmjs.org/@nodelib%2ffs.scandir 65ms (cache miss)
435 silly packumentCache full:https://registry.npmjs.org/@nodelib%2ffs.scandir set size:undefined disposed:false
436 silly placeDep ROOT @nodelib/fs.scandir@2.1.5 OK for: @nodelib/fs.walk@1.2.8 want: 2.1.5
437 silly placeDep ROOT fastq@1.20.1 OK for: @nodelib/fs.walk@1.2.8 want: ^1.6.0
438 silly fetch manifest run-parallel@^1.1.9
439 silly packumentCache full:https://registry.npmjs.org/run-parallel cache-miss
440 silly fetch manifest reusify@^1.0.4
441 silly packumentCache full:https://registry.npmjs.org/reusify cache-miss
442 http fetch GET 200 https://registry.npmjs.org/reusify 44ms (cache miss)
443 silly packumentCache full:https://registry.npmjs.org/reusify set size:undefined disposed:false
444 http fetch GET 200 https://registry.npmjs.org/run-parallel 51ms (cache miss)
445 silly packumentCache full:https://registry.npmjs.org/run-parallel set size:undefined disposed:false
446 silly placeDep ROOT run-parallel@1.2.0 OK for: @nodelib/fs.scandir@2.1.5 want: ^1.1.9
447 silly fetch manifest queue-microtask@^1.2.2
448 silly packumentCache full:https://registry.npmjs.org/queue-microtask cache-miss
449 http fetch GET 200 https://registry.npmjs.org/queue-microtask 59ms (cache miss)
450 silly packumentCache full:https://registry.npmjs.org/queue-microtask set size:undefined disposed:false
451 silly placeDep ROOT reusify@1.1.0 OK for: fastq@1.20.1 want: ^1.0.4
452 silly placeDep ROOT parent-module@1.0.1 OK for: import-fresh@3.3.1 want: ^1.0.0
453 silly placeDep ROOT resolve-from@4.0.0 OK for: import-fresh@3.3.1 want: ^4.0.0
454 silly fetch manifest callsites@^3.0.0
455 silly packumentCache full:https://registry.npmjs.org/callsites cache-miss
456 http fetch GET 200 https://registry.npmjs.org/callsites 50ms (cache miss)
457 silly packumentCache full:https://registry.npmjs.org/callsites set size:undefined disposed:false
458 silly placeDep ROOT argparse@2.0.1 OK for: js-yaml@4.1.1 want: ^2.0.1
459 silly placeDep ROOT lightningcss-android-arm64@1.32.0 OK for: lightningcss@1.32.0 want: 1.32.0
460 silly placeDep ROOT lightningcss-darwin-arm64@1.32.0 OK for: lightningcss@1.32.0 want: 1.32.0
461 silly placeDep ROOT lightningcss-darwin-x64@1.32.0 OK for: lightningcss@1.32.0 want: 1.32.0
462 silly placeDep ROOT lightningcss-freebsd-x64@1.32.0 OK for: lightningcss@1.32.0 want: 1.32.0
463 silly placeDep ROOT lightningcss-linux-arm-gnueabihf@1.32.0 OK for: lightningcss@1.32.0 want: 1.32.0
464 silly placeDep ROOT lightningcss-linux-arm64-gnu@1.32.0 OK for: lightningcss@1.32.0 want: 1.32.0
465 silly placeDep ROOT lightningcss-linux-arm64-musl@1.32.0 OK for: lightningcss@1.32.0 want: 1.32.0
466 silly placeDep ROOT lightningcss-linux-x64-gnu@1.32.0 OK for: lightningcss@1.32.0 want: 1.32.0
467 silly placeDep ROOT lightningcss-linux-x64-musl@1.32.0 OK for: lightningcss@1.32.0 want: 1.32.0
468 silly placeDep ROOT lightningcss-win32-arm64-msvc@1.32.0 OK for: lightningcss@1.32.0 want: 1.32.0
469 silly placeDep ROOT lightningcss-win32-x64-msvc@1.32.0 OK for: lightningcss@1.32.0 want: 1.32.0
470 silly placeDep ROOT braces@3.0.3 OK for: micromatch@4.0.8 want: ^3.0.3
471 silly placeDep ROOT picomatch@2.3.1 OK for: micromatch@4.0.8 want: ^2.3.1
472 silly fetch manifest fill-range@^7.1.1
473 silly packumentCache full:https://registry.npmjs.org/fill-range cache-miss
474 http fetch GET 200 https://registry.npmjs.org/fill-range 80ms (cache miss)
475 silly packumentCache full:https://registry.npmjs.org/fill-range set size:undefined disposed:false
476 silly placeDep ROOT fill-range@7.1.1 OK for: braces@3.0.3 want: ^7.1.1
477 silly fetch manifest to-regex-range@^5.0.1
478 silly packumentCache full:https://registry.npmjs.org/to-regex-range cache-miss
479 http fetch GET 200 https://registry.npmjs.org/to-regex-range 104ms (cache miss)
480 silly packumentCache full:https://registry.npmjs.org/to-regex-range set size:undefined disposed:false
481 silly placeDep ROOT to-regex-range@5.0.1 OK for: fill-range@7.1.1 want: ^5.0.1
482 silly fetch manifest is-number@^7.0.0
483 silly packumentCache full:https://registry.npmjs.org/is-number cache-miss
484 http fetch GET 200 https://registry.npmjs.org/is-number 47ms (cache miss)
485 silly packumentCache full:https://registry.npmjs.org/is-number set size:undefined disposed:false
486 silly placeDep ROOT @next/env@16.2.1 OK for: next@16.2.1 want: 16.2.1
487 silly placeDep ROOT @next/swc-darwin-arm64@16.2.1 OK for: next@16.2.1 want: 16.2.1
488 silly placeDep ROOT @next/swc-darwin-x64@16.2.1 OK for: next@16.2.1 want: 16.2.1
489 silly placeDep ROOT @next/swc-linux-arm64-gnu@16.2.1 OK for: next@16.2.1 want: 16.2.1
490 silly placeDep ROOT @next/swc-linux-arm64-musl@16.2.1 OK for: next@16.2.1 want: 16.2.1
491 silly placeDep ROOT @next/swc-linux-x64-gnu@16.2.1 OK for: next@16.2.1 want: 16.2.1
492 silly placeDep ROOT @next/swc-linux-x64-musl@16.2.1 OK for: next@16.2.1 want: 16.2.1
493 silly placeDep ROOT @next/swc-win32-arm64-msvc@16.2.1 OK for: next@16.2.1 want: 16.2.1
494 silly placeDep ROOT @next/swc-win32-x64-msvc@16.2.1 OK for: next@16.2.1 want: 16.2.1
495 silly placeDep ROOT callsites@3.1.0 OK for: parent-module@1.0.1 want: ^3.0.0
496 silly placeDep ROOT svix@1.86.0 OK for: resend@6.9.4 want: 1.86.0
497 silly fetch manifest uuid@^10.0.0
498 silly packumentCache full:https://registry.npmjs.org/uuid cache-miss
499 silly fetch manifest standardwebhooks@1.0.0
500 silly packumentCache full:https://registry.npmjs.org/standardwebhooks cache-miss
501 http fetch GET 200 https://registry.npmjs.org/standardwebhooks 48ms (cache miss)
502 silly packumentCache full:https://registry.npmjs.org/standardwebhooks set size:undefined disposed:false
503 http fetch GET 200 https://registry.npmjs.org/uuid 68ms (cache miss)
504 silly packumentCache full:https://registry.npmjs.org/uuid set size:undefined disposed:false
505 silly placeDep ROOT queue-microtask@1.2.3 OK for: run-parallel@1.2.0 want: ^1.2.2
506 silly placeDep ROOT standardwebhooks@1.0.0 OK for: svix@1.86.0 want: 1.0.0
507 silly placeDep ROOT uuid@10.0.0 OK for: svix@1.86.0 want: ^10.0.0
508 silly fetch manifest @stablelib/base64@^1.0.0
509 silly packumentCache full:https://registry.npmjs.org/@stablelib%2fbase64 cache-miss
510 silly fetch manifest fast-sha256@^1.3.0
511 silly packumentCache full:https://registry.npmjs.org/fast-sha256 cache-miss
512 http fetch GET 200 https://registry.npmjs.org/fast-sha256 43ms (cache miss)
513 silly packumentCache full:https://registry.npmjs.org/fast-sha256 set size:undefined disposed:false
514 http fetch GET 200 https://registry.npmjs.org/@stablelib%2fbase64 116ms (cache miss)
515 silly packumentCache full:https://registry.npmjs.org/@stablelib%2fbase64 set size:undefined disposed:false
516 silly placeDep ROOT @stablelib/base64@1.0.1 OK for: standardwebhooks@1.0.0 want: ^1.0.0
517 silly placeDep ROOT fast-sha256@1.3.0 OK for: standardwebhooks@1.0.0 want: ^1.3.0
518 silly placeDep ROOT is-number@7.0.0 OK for: to-regex-range@5.0.1 want: ^7.0.0
519 silly placeDep ROOT punycode@2.3.1 OK for: uri-js@4.4.1 want: ^2.1.0
520 silly reify mark retired [
520 silly reify   'C:\\Users\\rothm\\src\\privilege_detailing\\node_modules\\@eslint\\config-array'
520 silly reify ]
521 silly reify mark retired [
521 silly reify   'C:\\Users\\rothm\\src\\privilege_detailing\\node_modules\\@eslint\\eslintrc'
521 silly reify ]
522 silly reify mark retired [
522 silly reify   'C:\\Users\\rothm\\src\\privilege_detailing\\node_modules\\@eslint\\js'
522 silly reify ]
523 silly reify mark retired [
523 silly reify   'C:\\Users\\rothm\\src\\privilege_detailing\\node_modules\\@next\\env'
523 silly reify ]
524 silly reify mark retired [
524 silly reify   'C:\\Users\\rothm\\src\\privilege_detailing\\node_modules\\@next\\eslint-plugin-next'
524 silly reify ]
525 silly reify mark retired [
525 silly reify   'C:\\Users\\rothm\\src\\privilege_detailing\\node_modules\\@next\\swc-win32-x64-msvc'
525 silly reify ]
526 silly reify mark retired [
526 silly reify   'C:\\Users\\rothm\\src\\privilege_detailing\\node_modules\\@tailwindcss\\node'
526 silly reify ]
527 silly reify mark retired [
527 silly reify   'C:\\Users\\rothm\\src\\privilege_detailing\\node_modules\\@tailwindcss\\oxide'
527 silly reify ]
528 silly reify mark retired [
528 silly reify   'C:\\Users\\rothm\\src\\privilege_detailing\\node_modules\\@tailwindcss\\oxide-win32-x64-msvc'
528 silly reify ]
529 silly reify mark retired [
529 silly reify   'C:\\Users\\rothm\\src\\privilege_detailing\\node_modules\\@tailwindcss\\postcss'
529 silly reify ]
530 silly reify mark retired [
530 silly reify   'C:\\Users\\rothm\\src\\privilege_detailing\\node_modules\\@types\\node'
530 silly reify ]
531 silly reify mark retired [
531 silly reify   'C:\\Users\\rothm\\src\\privilege_detailing\\node_modules\\enhanced-resolve'
531 silly reify ]
532 silly reify mark retired [
532 silly reify   'C:\\Users\\rothm\\src\\privilege_detailing\\node_modules\\eslint',
532 silly reify   'C:\\Users\\rothm\\src\\privilege_detailing\\node_modules\\.bin\\eslint',
532 silly reify   'C:\\Users\\rothm\\src\\privilege_detailing\\node_modules\\.bin\\eslint.cmd',
532 silly reify   'C:\\Users\\rothm\\src\\privilege_detailing\\node_modules\\.bin\\eslint.ps1'
532 silly reify ]
533 silly reify mark retired [
533 silly reify   'C:\\Users\\rothm\\src\\privilege_detailing\\node_modules\\eslint-config-next'
533 silly reify ]
534 silly reify mark retired [
534 silly reify   'C:\\Users\\rothm\\src\\privilege_detailing\\node_modules\\lightningcss'
534 silly reify ]
535 silly reify mark retired [
535 silly reify   'C:\\Users\\rothm\\src\\privilege_detailing\\node_modules\\lightningcss-win32-x64-msvc'
535 silly reify ]
536 silly reify mark retired [
536 silly reify   'C:\\Users\\rothm\\src\\privilege_detailing\\node_modules\\lucide-react'
536 silly reify ]
537 silly reify mark retired [
537 silly reify   'C:\\Users\\rothm\\src\\privilege_detailing\\node_modules\\next',
537 silly reify   'C:\\Users\\rothm\\src\\privilege_detailing\\node_modules\\.bin\\next',
537 silly reify   'C:\\Users\\rothm\\src\\privilege_detailing\\node_modules\\.bin\\next.cmd',
537 silly reify   'C:\\Users\\rothm\\src\\privilege_detailing\\node_modules\\.bin\\next.ps1'
537 silly reify ]
538 silly reify mark retired [ 'C:\\Users\\rothm\\src\\privilege_detailing\\node_modules\\react' ]
539 silly reify mark retired [
539 silly reify   'C:\\Users\\rothm\\src\\privilege_detailing\\node_modules\\react-dom'
539 silly reify ]
540 silly reify mark retired [ 'C:\\Users\\rothm\\src\\privilege_detailing\\node_modules\\resend' ]
541 silly reify mark retired [ 'C:\\Users\\rothm\\src\\privilege_detailing\\node_modules\\svix' ]
542 silly reify mark retired [
542 silly reify   'C:\\Users\\rothm\\src\\privilege_detailing\\node_modules\\tailwindcss'
542 silly reify ]
543 silly reify mark retired [ 'C:\\Users\\rothm\\src\\privilege_detailing\\node_modules\\tapable' ]
544 silly reify moves {
544 silly reify   'C:\\Users\\rothm\\src\\privilege_detailing\\node_modules\\@eslint\\config-array': 'C:\\Users\\rothm\\src\\privilege_detailing\\node_modules\\@eslint\\.config-array-60WkFy7R',
544 silly reify   'C:\\Users\\rothm\\src\\privilege_detailing\\node_modules\\@eslint\\eslintrc': 'C:\\Users\\rothm\\src\\privilege_detailing\\node_modules\\@eslint\\.eslintrc-bEL93HKC',
544 silly reify   'C:\\Users\\rothm\\src\\privilege_detailing\\node_modules\\@eslint\\js': 'C:\\Users\\rothm\\src\\privilege_detailing\\node_modules\\@eslint\\.js-I6q7BHQi',
544 silly reify   'C:\\Users\\rothm\\src\\privilege_detailing\\node_modules\\@next\\env': 'C:\\Users\\rothm\\src\\privilege_detailing\\node_modules\\@next\\.env-Z2KKwmal',
544 silly reify   'C:\\Users\\rothm\\src\\privilege_detailing\\node_modules\\@next\\eslint-plugin-next': 'C:\\Users\\rothm\\src\\privilege_detailing\\node_modules\\@next\\.eslint-plugin-next-Qc4HDFpN',
544 silly reify   'C:\\Users\\rothm\\src\\privilege_detailing\\node_modules\\@next\\swc-win32-x64-msvc': 'C:\\Users\\rothm\\src\\privilege_detailing\\node_modules\\@next\\.swc-win32-x64-msvc-FlKhr3l2',
544 silly reify   'C:\\Users\\rothm\\src\\privilege_detailing\\node_modules\\@tailwindcss\\node': 'C:\\Users\\rothm\\src\\privilege_detailing\\node_modules\\@tailwindcss\\.node-oY8hW415',
544 silly reify   'C:\\Users\\rothm\\src\\privilege_detailing\\node_modules\\@tailwindcss\\oxide': 'C:\\Users\\rothm\\src\\privilege_detailing\\node_modules\\@tailwindcss\\.oxide-V2spUNAd',
544 silly reify   'C:\\Users\\rothm\\src\\privilege_detailing\\node_modules\\@tailwindcss\\oxide-win32-x64-msvc': 'C:\\Users\\rothm\\src\\privilege_detailing\\node_modules\\@tailwindcss\\.oxide-win32-x64-msvc-pqRWSc9G',
544 silly reify   'C:\\Users\\rothm\\src\\privilege_detailing\\node_modules\\@tailwindcss\\postcss': 'C:\\Users\\rothm\\src\\privilege_detailing\\node_modules\\@tailwindcss\\.postcss-SjQ52fCQ',
544 silly reify   'C:\\Users\\rothm\\src\\privilege_detailing\\node_modules\\@types\\node': 'C:\\Users\\rothm\\src\\privilege_detailing\\node_modules\\@types\\.node-fKxemKCC',
544 silly reify   'C:\\Users\\rothm\\src\\privilege_detailing\\node_modules\\enhanced-resolve': 'C:\\Users\\rothm\\src\\privilege_detailing\\node_modules\\.enhanced-resolve-E9Wnsr5r',
544 silly reify   'C:\\Users\\rothm\\src\\privilege_detailing\\node_modules\\eslint': 'C:\\Users\\rothm\\src\\privilege_detailing\\node_modules\\.eslint-4ATJKKmV',
544 silly reify   'C:\\Users\\rothm\\src\\privilege_detailing\\node_modules\\.bin\\eslint': 'C:\\Users\\rothm\\src\\privilege_detailing\\node_modules\\.bin\\.eslint-T7MZX4M7',
544 silly reify   'C:\\Users\\rothm\\src\\privilege_detailing\\node_modules\\.bin\\eslint.cmd': 'C:\\Users\\rothm\\src\\privilege_detailing\\node_modules\\.bin\\.eslint.cmd-vOq2axfo',
544 silly reify   'C:\\Users\\rothm\\src\\privilege_detailing\\node_modules\\.bin\\eslint.ps1': 'C:\\Users\\rothm\\src\\privilege_detailing\\node_modules\\.bin\\.eslint.ps1-YzuI4d05',
544 silly reify   'C:\\Users\\rothm\\src\\privilege_detailing\\node_modules\\eslint-config-next': 'C:\\Users\\rothm\\src\\privilege_detailing\\node_modules\\.eslint-config-next-drFtgf49',
544 silly reify   'C:\\Users\\rothm\\src\\privilege_detailing\\node_modules\\lightningcss': 'C:\\Users\\rothm\\src\\privilege_detailing\\node_modules\\.lightningcss-E624yUPF',
544 silly reify   'C:\\Users\\rothm\\src\\privilege_detailing\\node_modules\\lightningcss-win32-x64-msvc': 'C:\\Users\\rothm\\src\\privilege_detailing\\node_modules\\.lightningcss-win32-x64-msvc-uC1O2UEI',
544 silly reify   'C:\\Users\\rothm\\src\\privilege_detailing\\node_modules\\lucide-react': 'C:\\Users\\rothm\\src\\privilege_detailing\\node_modules\\.lucide-react-0kI3MdNw',
544 silly reify   'C:\\Users\\rothm\\src\\privilege_detailing\\node_modules\\next': 'C:\\Users\\rothm\\src\\privilege_detailing\\node_modules\\.next-wgGuS6oG',
544 silly reify   'C:\\Users\\rothm\\src\\privilege_detailing\\node_modules\\.bin\\next': 'C:\\Users\\rothm\\src\\privilege_detailing\\node_modules\\.bin\\.next-RorTfjPj',
544 silly reify   'C:\\Users\\rothm\\src\\privilege_detailing\\node_modules\\.bin\\next.cmd': 'C:\\Users\\rothm\\src\\privilege_detailing\\node_modules\\.bin\\.next.cmd-0I8uHL1a',
544 silly reify   'C:\\Users\\rothm\\src\\privilege_detailing\\node_modules\\.bin\\next.ps1': 'C:\\Users\\rothm\\src\\privilege_detailing\\node_modules\\.bin\\.next.ps1-N7MeJMow',
544 silly reify   'C:\\Users\\rothm\\src\\privilege_detailing\\node_modules\\react': 'C:\\Users\\rothm\\src\\privilege_detailing\\node_modules\\.react-OSQEzsBI',
544 silly reify   'C:\\Users\\rothm\\src\\privilege_detailing\\node_modules\\react-dom': 'C:\\Users\\rothm\\src\\privilege_detailing\\node_modules\\.react-dom-l3xGhnDS',
544 silly reify   'C:\\Users\\rothm\\src\\privilege_detailing\\node_modules\\resend': 'C:\\Users\\rothm\\src\\privilege_detailing\\node_modules\\.resend-7LxGFZ0f',
544 silly reify   'C:\\Users\\rothm\\src\\privilege_detailing\\node_modules\\svix': 'C:\\Users\\rothm\\src\\privilege_detailing\\node_modules\\.svix-MF7IxeXX',
544 silly reify   'C:\\Users\\rothm\\src\\privilege_detailing\\node_modules\\tailwindcss': 'C:\\Users\\rothm\\src\\privilege_detailing\\node_modules\\.tailwindcss-v8VjRhvf',
544 silly reify   'C:\\Users\\rothm\\src\\privilege_detailing\\node_modules\\tapable': 'C:\\Users\\rothm\\src\\privilege_detailing\\node_modules\\.tapable-Q93nlHrM'
544 silly reify }
545 silly audit bulk request {
545 silly audit   '@alloc/quick-lru': [ '5.2.0' ],
545 silly audit   '@babel/code-frame': [ '7.29.0' ],
545 silly audit   '@babel/compat-data': [ '7.29.0' ],
545 silly audit   '@babel/core': [ '7.29.0' ],
545 silly audit   '@babel/generator': [ '7.29.1' ],
545 silly audit   '@babel/helper-compilation-targets': [ '7.28.6' ],
545 silly audit   '@babel/helper-globals': [ '7.28.0' ],
545 silly audit   '@babel/helper-module-imports': [ '7.28.6' ],
545 silly audit   '@babel/helper-module-transforms': [ '7.28.6' ],
545 silly audit   '@babel/helper-string-parser': [ '7.27.1' ],
545 silly audit   '@babel/helper-validator-identifier': [ '7.28.5' ],
545 silly audit   '@babel/helper-validator-option': [ '7.27.1' ],
545 silly audit   '@babel/helpers': [ '7.28.6' ],
545 silly audit   '@babel/parser': [ '7.29.0' ],
545 silly audit   '@babel/template': [ '7.28.6' ],
545 silly audit   '@babel/traverse': [ '7.29.0' ],
545 silly audit   '@babel/types': [ '7.29.0' ],
545 silly audit   '@emnapi/core': [ '1.8.1' ],
545 silly audit   '@emnapi/runtime': [ '1.8.1' ],
545 silly audit   '@emnapi/wasi-threads': [ '1.1.0' ],
545 silly audit   '@eslint-community/eslint-utils': [ '4.9.1' ],
545 silly audit   'eslint-visitor-keys': [ '3.4.3', '5.0.1', '4.2.1' ],
545 silly audit   '@eslint-community/regexpp': [ '4.12.2' ],
545 silly audit   '@eslint/config-helpers': [ '0.4.2' ],
545 silly audit   '@eslint/core': [ '0.17.0' ],
545 silly audit   '@eslint/plugin-kit': [ '0.4.1' ],
545 silly audit   '@humanfs/core': [ '0.19.1' ],
545 silly audit   '@humanfs/node': [ '0.16.7' ],
545 silly audit   '@humanwhocodes/module-importer': [ '1.0.1' ],
545 silly audit   '@humanwhocodes/retry': [ '0.4.3' ],
545 silly audit   '@img/colour': [ '1.1.0' ],
545 silly audit   '@img/sharp-darwin-arm64': [ '0.34.5' ],
545 silly audit   '@img/sharp-darwin-x64': [ '0.34.5' ],
545 silly audit   '@img/sharp-libvips-darwin-arm64': [ '1.2.4' ],
545 silly audit   '@img/sharp-libvips-darwin-x64': [ '1.2.4' ],
545 silly audit   '@img/sharp-libvips-linux-arm': [ '1.2.4' ],
545 silly audit   '@img/sharp-libvips-linux-arm64': [ '1.2.4' ],
545 silly audit   '@img/sharp-libvips-linux-ppc64': [ '1.2.4' ],
545 silly audit   '@img/sharp-libvips-linux-riscv64': [ '1.2.4' ],
545 silly audit   '@img/sharp-libvips-linux-s390x': [ '1.2.4' ],
545 silly audit   '@img/sharp-libvips-linux-x64': [ '1.2.4' ],
545 silly audit   '@img/sharp-libvips-linuxmusl-arm64': [ '1.2.4' ],
545 silly audit   '@img/sharp-libvips-linuxmusl-x64': [ '1.2.4' ],
545 silly audit   '@img/sharp-linux-arm': [ '0.34.5' ],
545 silly audit   '@img/sharp-linux-arm64': [ '0.34.5' ],
545 silly audit   '@img/sharp-linux-ppc64': [ '0.34.5' ],
545 silly audit   '@img/sharp-linux-riscv64': [ '0.34.5' ],
545 silly audit   '@img/sharp-linux-s390x': [ '0.34.5' ],
545 silly audit   '@img/sharp-linux-x64': [ '0.34.5' ],
545 silly audit   '@img/sharp-linuxmusl-arm64': [ '0.34.5' ],
545 silly audit   '@img/sharp-linuxmusl-x64': [ '0.34.5' ],
545 silly audit   '@img/sharp-wasm32': [ '0.34.5' ],
545 silly audit   '@img/sharp-win32-arm64': [ '0.34.5' ],
545 silly audit   '@img/sharp-win32-ia32': [ '0.34.5' ],
545 silly audit   '@img/sharp-win32-x64': [ '0.34.5' ],
545 silly audit   '@jridgewell/gen-mapping': [ '0.3.13' ],
545 silly audit   '@jridgewell/remapping': [ '2.3.5' ],
545 silly audit   '@jridgewell/resolve-uri': [ '3.1.2' ],
545 silly audit   '@jridgewell/sourcemap-codec': [ '1.5.5' ],
545 silly audit   '@jridgewell/trace-mapping': [ '0.3.31' ],
545 silly audit   '@napi-rs/wasm-runtime': [ '0.2.12' ],
545 silly audit   '@nolyfill/is-core-module': [ '1.0.39' ],
545 silly audit   '@rtsao/scc': [ '1.1.0' ],
545 silly audit   '@swc/helpers': [ '0.5.15' ],
545 silly audit   '@tybys/wasm-util': [ '0.10.1' ],
545 silly audit   '@types/estree': [ '1.0.8' ],
545 silly audit   '@types/json-schema': [ '7.0.15' ],
545 silly audit   '@types/json5': [ '0.0.29' ],
545 silly audit   '@types/react': [ '19.2.14' ],
545 silly audit   '@types/react-dom': [ '19.2.3' ],
545 silly audit   '@typescript-eslint/eslint-plugin': [ '8.56.1' ],
545 silly audit   ignore: [ '7.0.5', '5.3.2' ],
545 silly audit   '@typescript-eslint/parser': [ '8.56.1' ],
545 silly audit   '@typescript-eslint/project-service': [ '8.56.1' ],
545 silly audit   '@typescript-eslint/scope-manager': [ '8.56.1' ],
545 silly audit   '@typescript-eslint/tsconfig-utils': [ '8.56.1' ],
545 silly audit   '@typescript-eslint/type-utils': [ '8.56.1' ],
545 silly audit   '@typescript-eslint/types': [ '8.56.1' ],
545 silly audit   '@typescript-eslint/typescript-estree': [ '8.56.1' ],
545 silly audit   'balanced-match': [ '4.0.4', '1.0.2' ],
545 silly audit   'brace-expansion': [ '5.0.4', '1.1.12' ],
545 silly audit   minimatch: [ '10.2.4', '3.1.5' ],
545 silly audit   semver: [ '7.7.4', '6.3.1' ],
545 silly audit   '@typescript-eslint/utils': [ '8.56.1' ],
545 silly audit   '@typescript-eslint/visitor-keys': [ '8.56.1' ],
545 silly audit   '@unrs/resolver-binding-android-arm-eabi': [ '1.11.1' ],
545 silly audit   '@unrs/resolver-binding-android-arm64': [ '1.11.1' ],
545 silly audit   '@unrs/resolver-binding-darwin-arm64': [ '1.11.1' ],
545 silly audit   '@unrs/resolver-binding-darwin-x64': [ '1.11.1' ],
545 silly audit   '@unrs/resolver-binding-freebsd-x64': [ '1.11.1' ],
545 silly audit   '@unrs/resolver-binding-linux-arm-gnueabihf': [ '1.11.1' ],
545 silly audit   '@unrs/resolver-binding-linux-arm-musleabihf': [ '1.11.1' ],
545 silly audit   '@unrs/resolver-binding-linux-arm64-gnu': [ '1.11.1' ],
545 silly audit   '@unrs/resolver-binding-linux-arm64-musl': [ '1.11.1' ],
545 silly audit   '@unrs/resolver-binding-linux-ppc64-gnu': [ '1.11.1' ],
545 silly audit   '@unrs/resolver-binding-linux-riscv64-gnu': [ '1.11.1' ],
545 silly audit   '@unrs/resolver-binding-linux-riscv64-musl': [ '1.11.1' ],
545 silly audit   '@unrs/resolver-binding-linux-s390x-gnu': [ '1.11.1' ],
545 silly audit   '@unrs/resolver-binding-linux-x64-gnu': [ '1.11.1' ],
545 silly audit   '@unrs/resolver-binding-linux-x64-musl': [ '1.11.1' ],
545 silly audit   '@unrs/resolver-binding-wasm32-wasi': [ '1.11.1' ],
545 silly audit   '@unrs/resolver-binding-win32-arm64-msvc': [ '1.11.1' ],
545 silly audit   '@unrs/resolver-binding-win32-ia32-msvc': [ '1.11.1' ],
545 silly audit   '@unrs/resolver-binding-win32-x64-msvc': [ '1.11.1' ],
545 silly audit   '@vercel/speed-insights': [ '2.0.0' ],
545 silly audit   'ansi-styles': [ '4.3.0' ],
545 silly audit   'aria-query': [ '5.3.2' ],
545 silly audit   'array-buffer-byte-length': [ '1.0.2' ],
545 silly audit   'array-includes': [ '3.1.9' ],
545 silly audit   'array.prototype.findlast': [ '1.2.5' ],
545 silly audit   'array.prototype.findlastindex': [ '1.2.6' ],
545 silly audit   'array.prototype.flat': [ '1.3.3' ],
545 silly audit   'array.prototype.flatmap': [ '1.3.3' ],
545 silly audit   'array.prototype.tosorted': [ '1.1.4' ],
545 silly audit   'arraybuffer.prototype.slice': [ '1.0.4' ],
545 silly audit   'ast-types-flow': [ '0.0.8' ],
545 silly audit   'async-function': [ '1.0.0' ],
545 silly audit   autoprefixer: [ '10.4.27' ],
545 silly audit   'available-typed-arrays': [ '1.0.7' ],
545 silly audit   'axe-core': [ '4.11.1' ],
545 silly audit   'axobject-query': [ '4.1.0' ],
545 silly audit   'baseline-browser-mapping': [ '2.10.0' ],
545 silly audit   browserslist: [ '4.28.1' ],
545 silly audit   'call-bind': [ '1.0.8' ],
545 silly audit   'call-bind-apply-helpers': [ '1.0.2' ],
545 silly audit   'call-bound': [ '1.0.4' ],
545 silly audit   'caniuse-lite': [ '1.0.30001775' ],
545 silly audit   chalk: [ '4.1.2' ],
545 silly audit   'client-only': [ '0.0.1' ],
545 silly audit   'color-convert': [ '2.0.1' ],
545 silly audit   'color-name': [ '1.1.4' ],
545 silly audit   'concat-map': [ '0.0.1' ],
545 silly audit   'convert-source-map': [ '2.0.0' ],
545 silly audit   'cross-spawn': [ '7.0.6' ],
545 silly audit   csstype: [ '3.2.3' ],
545 silly audit   'damerau-levenshtein': [ '1.0.8' ],
545 silly audit   'data-view-buffer': [ '1.0.2' ],
545 silly audit   'data-view-byte-length': [ '1.0.2' ],
545 silly audit   'data-view-byte-offset': [ '1.0.1' ],
545 silly audit   debug: [ '4.4.3', '3.2.7' ],
545 silly audit   'deep-is': [ '0.1.4' ],
545 silly audit   'define-data-property': [ '1.1.4' ],
545 silly audit   'define-properties': [ '1.2.1' ],
545 silly audit   'detect-libc': [ '2.1.2' ],
545 silly audit   doctrine: [ '2.1.0' ],
545 silly audit   'dunder-proto': [ '1.0.1' ],
545 silly audit   'electron-to-chromium': [ '1.5.302' ],
545 silly audit   'emoji-regex': [ '9.2.2' ],
545 silly audit   'es-abstract': [ '1.24.1' ],
545 silly audit   'es-define-property': [ '1.0.1' ],
545 silly audit   'es-errors': [ '1.3.0' ],
545 silly audit   'es-iterator-helpers': [ '1.2.2' ],
545 silly audit   'es-object-atoms': [ '1.1.1' ],
545 silly audit   'es-set-tostringtag': [ '2.1.0' ],
545 silly audit   'es-shim-unscopables': [ '1.1.0' ],
545 silly audit   'es-to-primitive': [ '1.3.0' ],
545 silly audit   escalade: [ '3.2.0' ],
545 silly audit   'escape-string-regexp': [ '4.0.0' ],
545 silly audit   'eslint-import-resolver-node': [ '0.3.9' ],
545 silly audit   'eslint-import-resolver-typescript': [ '3.10.1' ],
545 silly audit   'eslint-module-utils': [ '2.12.1' ],
545 silly audit   'eslint-plugin-import': [ '2.32.0' ],
545 silly audit   'eslint-plugin-jsx-a11y': [ '6.10.2' ],
545 silly audit   'eslint-plugin-react': [ '7.37.5' ],
545 silly audit   'eslint-plugin-react-hooks': [ '7.0.1' ],
545 silly audit   resolve: [ '2.0.0-next.6', '1.22.11' ],
545 silly audit   'eslint-scope': [ '8.4.0' ],
545 silly audit   esquery: [ '1.7.0' ],
545 silly audit   esrecurse: [ '4.3.0' ],
545 silly audit   estraverse: [ '5.3.0' ],
545 silly audit   esutils: [ '2.0.3' ],
545 silly audit   'glob-parent': [ '6.0.2', '5.1.2' ],
545 silly audit   'fast-levenshtein': [ '2.0.6' ],
545 silly audit   'file-entry-cache': [ '8.0.0' ],
545 silly audit   'find-up': [ '5.0.0' ],
545 silly audit   'flat-cache': [ '4.0.1' ],
545 silly audit   flatted: [ '3.3.4' ],
545 silly audit   'for-each': [ '0.3.5' ],
545 silly audit   'fraction.js': [ '5.3.4' ],
545 silly audit   'function-bind': [ '1.1.2' ],
545 silly audit   'function.prototype.name': [ '1.1.8' ],
545 silly audit   'functions-have-names': [ '1.2.3' ],
545 silly audit   'generator-function': [ '2.0.1' ],
545 silly audit   gensync: [ '1.0.0-beta.2' ],
545 silly audit   'get-intrinsic': [ '1.3.0' ],
545 silly audit   'get-proto': [ '1.0.1' ],
545 silly audit   'get-symbol-description': [ '1.1.0' ],
545 silly audit   'get-tsconfig': [ '4.13.6' ],
545 silly audit   globalthis: [ '1.0.4' ],
545 silly audit   gopd: [ '1.2.0' ],
545 silly audit   'has-bigints': [ '1.1.0' ],
545 silly audit   'has-flag': [ '4.0.0' ],
545 silly audit   'has-property-descriptors': [ '1.0.2' ],
545 silly audit   'has-proto': [ '1.2.0' ],
545 silly audit   'has-symbols': [ '1.1.0' ],
545 silly audit   'has-tostringtag': [ '1.0.2' ],
545 silly audit   hasown: [ '2.0.2' ],
545 silly audit   'hermes-estree': [ '0.25.1' ],
545 silly audit   'hermes-parser': [ '0.25.1' ],
545 silly audit   imurmurhash: [ '0.1.4' ],
545 silly audit   'internal-slot': [ '1.1.0' ],
545 silly audit   'is-array-buffer': [ '3.0.5' ],
545 silly audit   'is-async-function': [ '2.1.1' ],
545 silly audit   'is-bigint': [ '1.1.0' ],
545 silly audit   'is-boolean-object': [ '1.2.2' ],
545 silly audit   'is-bun-module': [ '2.0.0' ],
545 silly audit   'is-callable': [ '1.2.7' ],
545 silly audit   'is-core-module': [ '2.16.1' ],
545 silly audit   'is-data-view': [ '1.0.2' ],
545 silly audit   'is-date-object': [ '1.1.0' ],
545 silly audit   'is-extglob': [ '2.1.1' ],
545 silly audit   'is-finalizationregistry': [ '1.1.1' ],
545 silly audit   'is-generator-function': [ '1.1.2' ],
545 silly audit   'is-glob': [ '4.0.3' ],
545 silly audit   'is-map': [ '2.0.3' ],
545 silly audit   'is-negative-zero': [ '2.0.3' ],
545 silly audit   'is-number-object': [ '1.1.1' ],
545 silly audit   'is-regex': [ '1.2.1' ],
545 silly audit   'is-set': [ '2.0.3' ],
545 silly audit   'is-shared-array-buffer': [ '1.0.4' ],
545 silly audit   'is-string': [ '1.1.1' ],
545 silly audit   'is-symbol': [ '1.1.1' ],
545 silly audit   'is-typed-array': [ '1.1.15' ],
545 silly audit   'is-weakmap': [ '2.0.2' ],
545 silly audit   'is-weakref': [ '1.1.1' ],
545 silly audit   'is-weakset': [ '2.0.4' ],
545 silly audit   isarray: [ '2.0.5' ],
545 silly audit   isexe: [ '2.0.0' ],
545 silly audit   'iterator.prototype': [ '1.1.5' ],
545 silly audit   jiti: [ '2.6.1' ],
545 silly audit   'js-tokens': [ '4.0.0' ],
545 silly audit   jsesc: [ '3.1.0' ],
545 silly audit   'json-buffer': [ '3.0.1' ],
545 silly audit   'json-stable-stringify-without-jsonify': [ '1.0.1' ],
545 silly audit   json5: [ '2.2.3', '1.0.2' ],
545 silly audit   'jsx-ast-utils': [ '3.3.5' ],
545 silly audit   keyv: [ '4.5.4' ],
545 silly audit   'language-subtag-registry': [ '0.3.23' ],
545 silly audit   'language-tags': [ '1.0.9' ],
545 silly audit   levn: [ '0.4.1' ],
545 silly audit   'locate-path': [ '6.0.0' ],
545 silly audit   'lodash.merge': [ '4.6.2' ],
545 silly audit   'loose-envify': [ '1.4.0' ],
545 silly audit   'lru-cache': [ '5.1.1' ],
545 silly audit   'math-intrinsics': [ '1.1.0' ],
545 silly audit   minimist: [ '1.2.8' ],
545 silly audit   ms: [ '2.1.3' ],
545 silly audit   nanoid: [ '3.3.11' ],
545 silly audit   'napi-postinstall': [ '0.3.4' ],
545 silly audit   'natural-compare': [ '1.4.0' ],
545 silly audit   postcss: [ '8.5.8', '8.4.31' ],
545 silly audit   'node-exports-info': [ '1.6.0' ],
545 silly audit   'node-releases': [ '2.0.27' ],
545 silly audit   'object-assign': [ '4.1.1' ],
545 silly audit   'object-inspect': [ '1.13.4' ],
545 silly audit   'object-keys': [ '1.1.1' ],
545 silly audit   'object.assign': [ '4.1.7' ],
545 silly audit   'object.entries': [ '1.1.9' ],
545 silly audit   'object.fromentries': [ '2.0.8' ],
545 silly audit   'object.groupby': [ '1.0.3' ],
545 silly audit   'object.values': [ '1.2.1' ],
545 silly audit   optionator: [ '0.9.4' ],
545 silly audit   'own-keys': [ '1.0.1' ],
545 silly audit   'p-limit': [ '3.1.0' ],
545 silly audit   'p-locate': [ '5.0.0' ],
545 silly audit   'path-exists': [ '4.0.0' ],
545 silly audit   'path-key': [ '3.1.1' ],
545 silly audit   'path-parse': [ '1.0.7' ],
545 silly audit   picocolors: [ '1.1.1' ],
545 silly audit   picomatch: [ '4.0.3', '2.3.1' ],
545 silly audit   'possible-typed-array-names': [ '1.1.0' ],
545 silly audit   'postal-mime': [ '2.7.3' ],
545 silly audit   'postcss-value-parser': [ '4.2.0' ],
545 silly audit   'prelude-ls': [ '1.2.1' ],
545 silly audit   'prop-types': [ '15.8.1' ],
545 silly audit   'react-is': [ '16.13.1' ],
545 silly audit   'reflect.getprototypeof': [ '1.0.10' ],
545 silly audit   'regexp.prototype.flags': [ '1.5.4' ],
545 silly audit   'resolve-pkg-maps': [ '1.0.0' ],
545 silly audit   'safe-array-concat': [ '1.1.3' ],
545 silly audit   'safe-push-apply': [ '1.0.0' ],
545 silly audit   'safe-regex-test': [ '1.1.0' ],
545 silly audit   scheduler: [ '0.27.0' ],
545 silly audit   'set-function-length': [ '1.2.2' ],
545 silly audit   'set-function-name': [ '2.0.2' ],
545 silly audit   'set-proto': [ '1.0.0' ],
545 silly audit   sharp: [ '0.34.5' ],
545 silly audit   'shebang-command': [ '2.0.0' ],
545 silly audit   'shebang-regex': [ '3.0.0' ],
545 silly audit   'side-channel': [ '1.1.0' ],
545 silly audit   'side-channel-list': [ '1.0.0' ],
545 silly audit   'side-channel-map': [ '1.0.1' ],
545 silly audit   'side-channel-weakmap': [ '1.0.2' ],
545 silly audit   'source-map-js': [ '1.2.1' ],
545 silly audit   'stable-hash': [ '0.0.5' ],
545 silly audit   'stop-iteration-iterator': [ '1.1.0' ],
545 silly audit   'string.prototype.includes': [ '2.0.1' ],
545 silly audit   'string.prototype.matchall': [ '4.0.12' ],
545 silly audit   'string.prototype.repeat': [ '1.0.0' ],
545 silly audit   'string.prototype.trim': [ '1.2.10' ],
545 silly audit   'string.prototype.trimend': [ '1.0.9' ],
545 silly audit   'string.prototype.trimstart': [ '1.0.8' ],
545 silly audit   'strip-bom': [ '3.0.0' ],
545 silly audit   'styled-jsx': [ '5.1.6' ],
545 silly audit   'supports-color': [ '7.2.0' ],
545 silly audit   'supports-preserve-symlinks-flag': [ '1.0.0' ],
545 silly audit   tinyglobby: [ '0.2.15' ],
545 silly audit   fdir: [ '6.5.0' ],
545 silly audit   'ts-api-utils': [ '2.4.0' ],
545 silly audit   'tsconfig-paths': [ '3.15.0' ],
545 silly audit   tslib: [ '2.8.1' ],
545 silly audit   'type-check': [ '0.4.0' ],
545 silly audit   'typed-array-buffer': [ '1.0.3' ],
545 silly audit   'typed-array-byte-length': [ '1.0.3' ],
545 silly audit   'typed-array-byte-offset': [ '1.0.4' ],
545 silly audit   'typed-array-length': [ '1.0.7' ],
545 silly audit   typescript: [ '5.9.3' ],
545 silly audit   'typescript-eslint': [ '8.56.1' ],
545 silly audit   'unbox-primitive': [ '1.1.0' ],
545 silly audit   'undici-types': [ '6.21.0' ],
545 silly audit   'unrs-resolver': [ '1.11.1' ],
545 silly audit   'update-browserslist-db': [ '1.2.3' ],
545 silly audit   which: [ '2.0.2' ],
545 silly audit   'which-boxed-primitive': [ '1.1.1' ],
545 silly audit   'which-builtin-type': [ '1.2.1' ],
545 silly audit   'which-collection': [ '1.0.2' ],
545 silly audit   'which-typed-array': [ '1.1.20' ],
545 silly audit   'word-wrap': [ '1.2.5' ],
545 silly audit   yallist: [ '3.1.1' ],
545 silly audit   'yocto-queue': [ '0.1.0' ],
545 silly audit   zod: [ '4.3.6' ],
545 silly audit   'zod-validation-error': [ '4.0.2' ],
545 silly audit   '@tailwindcss/postcss': [ '4.2.2' ],
545 silly audit   '@types/node': [ '20.19.37' ],
545 silly audit   eslint: [ '9.39.4' ],
545 silly audit   'eslint-config-next': [ '16.2.1' ],
545 silly audit   globals: [ '16.4.0', '14.0.0' ],
545 silly audit   'lucide-react': [ '0.577.0' ],
545 silly audit   next: [ '16.2.1' ],
545 silly audit   react: [ '19.2.4' ],
545 silly audit   'react-dom': [ '19.2.4' ],
545 silly audit   resend: [ '6.9.4' ],
545 silly audit   tailwindcss: [ '4.2.2' ],
545 silly audit   '@tailwindcss/node': [ '4.2.2' ],
545 silly audit   '@tailwindcss/oxide': [ '4.2.2' ],
545 silly audit   'enhanced-resolve': [ '5.20.1' ],
545 silly audit   lightningcss: [ '1.32.0' ],
545 silly audit   'magic-string': [ '0.30.21' ],
545 silly audit   '@tailwindcss/oxide-android-arm64': [ '4.2.2' ],
545 silly audit   '@tailwindcss/oxide-darwin-arm64': [ '4.2.2' ],
545 silly audit   '@tailwindcss/oxide-darwin-x64': [ '4.2.2' ],
545 silly audit   '@tailwindcss/oxide-freebsd-x64': [ '4.2.2' ],
545 silly audit   '@tailwindcss/oxide-linux-arm-gnueabihf': [ '4.2.2' ],
545 silly audit   '@tailwindcss/oxide-linux-arm64-gnu': [ '4.2.2' ],
545 silly audit   '@tailwindcss/oxide-linux-arm64-musl': [ '4.2.2' ],
545 silly audit   '@tailwindcss/oxide-linux-x64-gnu': [ '4.2.2' ],
545 silly audit   '@tailwindcss/oxide-linux-x64-musl': [ '4.2.2' ],
545 silly audit   '@tailwindcss/oxide-wasm32-wasi': [ '4.2.2' ],
545 silly audit   '@tailwindcss/oxide-win32-arm64-msvc': [ '4.2.2' ],
545 silly audit   '@tailwindcss/oxide-win32-x64-msvc': [ '4.2.2' ],
545 silly audit   'graceful-fs': [ '4.2.11' ],
545 silly audit   tapable: [ '2.3.1' ],
545 silly audit   '@eslint/config-array': [ '0.21.2' ],
545 silly audit   '@eslint/eslintrc': [ '3.3.5' ],
545 silly audit   '@eslint/js': [ '9.39.4' ],
545 silly audit   ajv: [ '6.14.0' ],
545 silly audit   espree: [ '10.4.0' ],
545 silly audit   'fast-deep-equal': [ '3.1.3' ],
545 silly audit   '@eslint/object-schema': [ '2.1.7' ],
545 silly audit   'import-fresh': [ '3.3.1' ],
545 silly audit   'js-yaml': [ '4.1.1' ],
545 silly audit   'strip-json-comments': [ '3.1.1' ],
545 silly audit   'fast-json-stable-stringify': [ '2.1.0' ],
545 silly audit   'json-schema-traverse': [ '0.4.1' ],
545 silly audit   'uri-js': [ '4.4.1' ],
545 silly audit   '@next/eslint-plugin-next': [ '16.2.1' ],
545 silly audit   'fast-glob': [ '3.3.1' ],
545 silly audit   acorn: [ '8.16.0' ],
545 silly audit   'acorn-jsx': [ '5.3.2' ],
545 silly audit   '@nodelib/fs.stat': [ '2.0.5' ],
545 silly audit   '@nodelib/fs.walk': [ '1.2.8' ],
545 silly audit   merge2: [ '1.4.1' ],
545 silly audit   micromatch: [ '4.0.8' ],
545 silly audit   '@nodelib/fs.scandir': [ '2.1.5' ],
545 silly audit   fastq: [ '1.20.1' ],
545 silly audit   'run-parallel': [ '1.2.0' ],
545 silly audit   reusify: [ '1.1.0' ],
545 silly audit   'parent-module': [ '1.0.1' ],
545 silly audit   'resolve-from': [ '4.0.0' ],
545 silly audit   argparse: [ '2.0.1' ],
545 silly audit   'lightningcss-android-arm64': [ '1.32.0' ],
545 silly audit   'lightningcss-darwin-arm64': [ '1.32.0' ],
545 silly audit   'lightningcss-darwin-x64': [ '1.32.0' ],
545 silly audit   'lightningcss-freebsd-x64': [ '1.32.0' ],
545 silly audit   'lightningcss-linux-arm-gnueabihf': [ '1.32.0' ],
545 silly audit   'lightningcss-linux-arm64-gnu': [ '1.32.0' ],
545 silly audit   'lightningcss-linux-arm64-musl': [ '1.32.0' ],
545 silly audit   'lightningcss-linux-x64-gnu': [ '1.32.0' ],
545 silly audit   'lightningcss-linux-x64-musl': [ '1.32.0' ],
545 silly audit   'lightningcss-win32-arm64-msvc': [ '1.32.0' ],
545 silly audit   'lightningcss-win32-x64-msvc': [ '1.32.0' ],
545 silly audit   braces: [ '3.0.3' ],
545 silly audit   'fill-range': [ '7.1.1' ],
545 silly audit   'to-regex-range': [ '5.0.1' ],
545 silly audit   '@next/env': [ '16.2.1' ],
545 silly audit   '@next/swc-darwin-arm64': [ '16.2.1' ],
545 silly audit   '@next/swc-darwin-x64': [ '16.2.1' ],
545 silly audit   '@next/swc-linux-arm64-gnu': [ '16.2.1' ],
545 silly audit   '@next/swc-linux-arm64-musl': [ '16.2.1' ],
545 silly audit   '@next/swc-linux-x64-gnu': [ '16.2.1' ],
545 silly audit   '@next/swc-linux-x64-musl': [ '16.2.1' ],
545 silly audit   '@next/swc-win32-arm64-msvc': [ '16.2.1' ],
545 silly audit   '@next/swc-win32-x64-msvc': [ '16.2.1' ],
545 silly audit   callsites: [ '3.1.0' ],
545 silly audit   svix: [ '1.86.0' ],
545 silly audit   'queue-microtask': [ '1.2.3' ],
545 silly audit   standardwebhooks: [ '1.0.0' ],
545 silly audit   uuid: [ '10.0.0' ],
545 silly audit   '@stablelib/base64': [ '1.0.1' ],
545 silly audit   'fast-sha256': [ '1.3.0' ],
545 silly audit   'is-number': [ '7.0.0' ],
545 silly audit   punycode: [ '2.3.1' ]
545 silly audit }
546 http cache tapable@https://registry.npmjs.org/tapable/-/tapable-2.3.1.tgz 0ms (cache hit)
547 http cache svix@https://registry.npmjs.org/svix/-/svix-1.86.0.tgz 0ms (cache hit)
548 http cache tailwindcss@https://registry.npmjs.org/tailwindcss/-/tailwindcss-4.2.2.tgz 0ms (cache hit)
549 http cache resend@https://registry.npmjs.org/resend/-/resend-6.9.4.tgz 0ms (cache hit)
550 http cache react-dom@https://registry.npmjs.org/react-dom/-/react-dom-19.2.4.tgz 0ms (cache hit)
551 http cache react@https://registry.npmjs.org/react/-/react-19.2.4.tgz 0ms (cache hit)
552 http cache lucide-react@https://registry.npmjs.org/lucide-react/-/lucide-react-0.577.0.tgz 0ms (cache hit)
553 http cache lightningcss@https://registry.npmjs.org/lightningcss/-/lightningcss-1.32.0.tgz 0ms (cache hit)
554 http cache lightningcss-win32-x64-msvc@https://registry.npmjs.org/lightningcss-win32-x64-msvc/-/lightningcss-win32-x64-msvc-1.32.0.tgz 0ms (cache hit)
555 http cache next@https://registry.npmjs.org/next/-/next-16.2.1.tgz 0ms (cache hit)
556 http cache eslint-config-next@https://registry.npmjs.org/eslint-config-next/-/eslint-config-next-16.2.1.tgz 0ms (cache hit)
557 http cache eslint@https://registry.npmjs.org/eslint/-/eslint-9.39.4.tgz 0ms (cache hit)
558 http cache enhanced-resolve@https://registry.npmjs.org/enhanced-resolve/-/enhanced-resolve-5.20.1.tgz 0ms (cache hit)
559 http cache @types/node@https://registry.npmjs.org/@types/node/-/node-20.19.37.tgz 0ms (cache hit)
560 http cache @tailwindcss/oxide-win32-x64-msvc@https://registry.npmjs.org/@tailwindcss/oxide-win32-x64-msvc/-/oxide-win32-x64-msvc-4.2.2.tgz 0ms (cache hit)
561 http cache @tailwindcss/oxide@https://registry.npmjs.org/@tailwindcss/oxide/-/oxide-4.2.2.tgz 0ms (cache hit)
562 http cache @tailwindcss/postcss@https://registry.npmjs.org/@tailwindcss/postcss/-/postcss-4.2.2.tgz 0ms (cache hit)
563 http cache @tailwindcss/node@https://registry.npmjs.org/@tailwindcss/node/-/node-4.2.2.tgz 0ms (cache hit)
564 http cache @next/eslint-plugin-next@https://registry.npmjs.org/@next/eslint-plugin-next/-/eslint-plugin-next-16.2.1.tgz 0ms (cache hit)
565 http cache @next/swc-win32-x64-msvc@https://registry.npmjs.org/@next/swc-win32-x64-msvc/-/swc-win32-x64-msvc-16.2.1.tgz 0ms (cache hit)
566 http cache @next/env@https://registry.npmjs.org/@next/env/-/env-16.2.1.tgz 0ms (cache hit)
567 http cache @eslint/js@https://registry.npmjs.org/@eslint/js/-/js-9.39.4.tgz 0ms (cache hit)
568 silly tarball no local data for tapable@https://registry.npmjs.org/tapable/-/tapable-2.3.1.tgz. Extracting by manifest.
569 http cache @eslint/eslintrc@https://registry.npmjs.org/@eslint/eslintrc/-/eslintrc-3.3.5.tgz 0ms (cache hit)
570 silly tarball no local data for svix@https://registry.npmjs.org/svix/-/svix-1.86.0.tgz. Extracting by manifest.
571 silly tarball no local data for tailwindcss@https://registry.npmjs.org/tailwindcss/-/tailwindcss-4.2.2.tgz. Extracting by manifest.
572 silly tarball no local data for resend@https://registry.npmjs.org/resend/-/resend-6.9.4.tgz. Extracting by manifest.
573 silly tarball no local data for react-dom@https://registry.npmjs.org/react-dom/-/react-dom-19.2.4.tgz. Extracting by manifest.
574 silly tarball no local data for react@https://registry.npmjs.org/react/-/react-19.2.4.tgz. Extracting by manifest.
575 silly tarball no local data for lucide-react@https://registry.npmjs.org/lucide-react/-/lucide-react-0.577.0.tgz. Extracting by manifest.
576 silly tarball no local data for lightningcss@https://registry.npmjs.org/lightningcss/-/lightningcss-1.32.0.tgz. Extracting by manifest.
577 silly tarball no local data for lightningcss-win32-x64-msvc@https://registry.npmjs.org/lightningcss-win32-x64-msvc/-/lightningcss-win32-x64-msvc-1.32.0.tgz. Extracting by manifest.
578 silly tarball no local data for next@https://registry.npmjs.org/next/-/next-16.2.1.tgz. Extracting by manifest.
579 silly tarball no local data for eslint-config-next@https://registry.npmjs.org/eslint-config-next/-/eslint-config-next-16.2.1.tgz. Extracting by manifest.
580 silly tarball no local data for eslint@https://registry.npmjs.org/eslint/-/eslint-9.39.4.tgz. Extracting by manifest.
581 silly tarball no local data for enhanced-resolve@https://registry.npmjs.org/enhanced-resolve/-/enhanced-resolve-5.20.1.tgz. Extracting by manifest.
582 silly tarball no local data for @types/node@https://registry.npmjs.org/@types/node/-/node-20.19.37.tgz. Extracting by manifest.
583 silly tarball no local data for @tailwindcss/oxide-win32-x64-msvc@https://registry.npmjs.org/@tailwindcss/oxide-win32-x64-msvc/-/oxide-win32-x64-msvc-4.2.2.tgz. Extracting by manifest.
584 silly tarball no local data for @tailwindcss/oxide@https://registry.npmjs.org/@tailwindcss/oxide/-/oxide-4.2.2.tgz. Extracting by manifest.
585 silly tarball no local data for @tailwindcss/postcss@https://registry.npmjs.org/@tailwindcss/postcss/-/postcss-4.2.2.tgz. Extracting by manifest.
586 silly tarball no local data for @tailwindcss/node@https://registry.npmjs.org/@tailwindcss/node/-/node-4.2.2.tgz. Extracting by manifest.
587 silly tarball no local data for @next/eslint-plugin-next@https://registry.npmjs.org/@next/eslint-plugin-next/-/eslint-plugin-next-16.2.1.tgz. Extracting by manifest.
588 silly tarball no local data for @next/swc-win32-x64-msvc@https://registry.npmjs.org/@next/swc-win32-x64-msvc/-/swc-win32-x64-msvc-16.2.1.tgz. Extracting by manifest.
589 silly tarball no local data for @next/env@https://registry.npmjs.org/@next/env/-/env-16.2.1.tgz. Extracting by manifest.
590 http cache @eslint/config-array@https://registry.npmjs.org/@eslint/config-array/-/config-array-0.21.2.tgz 0ms (cache hit)
591 silly tarball no local data for @eslint/js@https://registry.npmjs.org/@eslint/js/-/js-9.39.4.tgz. Extracting by manifest.
592 silly tarball no local data for @eslint/eslintrc@https://registry.npmjs.org/@eslint/eslintrc/-/eslintrc-3.3.5.tgz. Extracting by manifest.
593 silly tarball no local data for @eslint/config-array@https://registry.npmjs.org/@eslint/config-array/-/config-array-0.21.2.tgz. Extracting by manifest.
594 http fetch POST 200 https://registry.npmjs.org/-/npm/v1/security/advisories/bulk 187ms
595 silly audit report {
595 silly audit report   flatted: [
595 silly audit report     {
595 silly audit report       id: 1114526,
595 silly audit report       url: 'https://github.com/advisories/GHSA-25h7-pfq9-p65f',
595 silly audit report       title: 'flatted vulnerable to unbounded recursion DoS in parse() revive phase',
595 silly audit report       severity: 'high',
595 silly audit report       vulnerable_versions: '<3.4.0',
595 silly audit report       cwe: [Array],
595 silly audit report       cvss: [Object]
595 silly audit report     },
595 silly audit report     {
595 silly audit report       id: 1114934,
595 silly audit report       url: 'https://github.com/advisories/GHSA-rf6f-7fwh-wjgh',
595 silly audit report       title: 'Prototype Pollution via parse() in NodeJS flatted',
595 silly audit report       severity: 'high',
595 silly audit report       vulnerable_versions: '<=3.4.1',
595 silly audit report       cwe: [Array],
595 silly audit report       cvss: [Object]
595 silly audit report     }
595 silly audit report   ]
595 silly audit report }
596 silly packumentCache corgi:https://registry.npmjs.org/flatted cache-miss
597 http fetch GET 200 https://registry.npmjs.org/tapable/-/tapable-2.3.1.tgz 189ms (cache miss)
598 http fetch GET 200 https://registry.npmjs.org/@tailwindcss/oxide/-/oxide-4.2.2.tgz 188ms (cache miss)
599 http fetch GET 200 https://registry.npmjs.org/@tailwindcss/postcss/-/postcss-4.2.2.tgz 232ms (cache miss)
600 http fetch GET 200 https://registry.npmjs.org/resend/-/resend-6.9.4.tgz 246ms (cache miss)
601 http fetch GET 200 https://registry.npmjs.org/@tailwindcss/node/-/node-4.2.2.tgz 259ms (cache miss)
602 http fetch GET 200 https://registry.npmjs.org/react/-/react-19.2.4.tgz 318ms (cache miss)
603 http fetch GET 200 https://registry.npmjs.org/tailwindcss/-/tailwindcss-4.2.2.tgz 349ms (cache miss)
604 http fetch GET 200 https://registry.npmjs.org/react-dom/-/react-dom-19.2.4.tgz 512ms (cache miss)
605 http fetch GET 200 https://registry.npmjs.org/eslint-config-next/-/eslint-config-next-16.2.1.tgz 919ms (cache miss)
606 http fetch GET 200 https://registry.npmjs.org/flatted 817ms (cache revalidated)
607 silly packumentCache corgi:https://registry.npmjs.org/flatted set size:57858 disposed:false
608 silly packumentCache corgi:https://registry.npmjs.org/flat-cache cache-miss
609 http fetch GET 200 https://registry.npmjs.org/@next/env/-/env-16.2.1.tgz 961ms (cache miss)
610 http fetch GET 200 https://registry.npmjs.org/@eslint/js/-/js-9.39.4.tgz 960ms (cache miss)
611 http fetch GET 200 https://registry.npmjs.org/flat-cache 52ms (cache revalidated)
612 silly packumentCache corgi:https://registry.npmjs.org/flat-cache set size:49632 disposed:false
613 http fetch GET 200 https://registry.npmjs.org/lightningcss/-/lightningcss-1.32.0.tgz 1100ms (cache miss)
614 http fetch GET 200 https://registry.npmjs.org/@eslint/eslintrc/-/eslintrc-3.3.5.tgz 1147ms (cache miss)
615 http fetch GET 200 https://registry.npmjs.org/enhanced-resolve/-/enhanced-resolve-5.20.1.tgz 1178ms (cache miss)
616 http fetch GET 200 https://registry.npmjs.org/@next/eslint-plugin-next/-/eslint-plugin-next-16.2.1.tgz 1182ms (cache miss)
617 http fetch GET 200 https://registry.npmjs.org/@types/node/-/node-20.19.37.tgz 1909ms (cache miss)
618 http fetch GET 200 https://registry.npmjs.org/svix/-/svix-1.86.0.tgz 2105ms (cache miss)
619 http fetch GET 200 https://registry.npmjs.org/@tailwindcss/oxide-win32-x64-msvc/-/oxide-win32-x64-msvc-4.2.2.tgz 7888ms (cache miss)
620 http fetch GET 200 https://registry.npmjs.org/@eslint/config-array/-/config-array-0.21.2.tgz 7892ms (cache miss)
621 http fetch GET 200 https://registry.npmjs.org/lightningcss-win32-x64-msvc/-/lightningcss-win32-x64-msvc-1.32.0.tgz 15325ms (cache miss)
622 http fetch GET 200 https://registry.npmjs.org/lucide-react/-/lucide-react-0.577.0.tgz 16156ms (cache miss)
623 http fetch GET 200 https://registry.npmjs.org/eslint/-/eslint-9.39.4.tgz 22274ms (cache miss)
624 http fetch GET 200 https://registry.npmjs.org/@next/swc-win32-x64-msvc/-/swc-win32-x64-msvc-16.2.1.tgz 42188ms (cache miss)
625 http fetch GET 200 https://registry.npmjs.org/next/-/next-16.2.1.tgz 46880ms (cache miss)
626 silly CHANGE node_modules/tapable
627 silly CHANGE node_modules/tailwindcss
628 silly CHANGE node_modules/svix
629 silly CHANGE node_modules/resend
630 silly CHANGE node_modules/react-dom
631 silly CHANGE node_modules/react
632 silly CHANGE node_modules/next
633 silly CHANGE node_modules/lucide-react
634 silly CHANGE node_modules/lightningcss-win32-x64-msvc
635 silly CHANGE node_modules/lightningcss
636 silly CHANGE node_modules/eslint-config-next
637 silly CHANGE node_modules/eslint
638 silly CHANGE node_modules/enhanced-resolve
639 silly CHANGE node_modules/@types/node
640 silly CHANGE node_modules/@tailwindcss/postcss
641 silly CHANGE node_modules/@tailwindcss/oxide-win32-x64-msvc
642 silly CHANGE node_modules/@tailwindcss/oxide
643 silly CHANGE node_modules/@tailwindcss/node
644 silly CHANGE node_modules/@next/swc-win32-x64-msvc
645 silly CHANGE node_modules/@next/eslint-plugin-next
646 silly CHANGE node_modules/@next/env
647 silly CHANGE node_modules/@eslint/js
648 silly CHANGE node_modules/@eslint/eslintrc
649 silly CHANGE node_modules/@eslint/config-array
650 verbose cwd C:\Users\rothm\src\privilege_detailing
651 verbose os Windows_NT 10.0.26200
652 verbose node v24.14.0
653 verbose npm  v11.9.0
654 verbose exit 0
655 info ok
